[    0.000000] Linux version 4.15.0-212-generic (buildd@lcy02-amd64-083) (gcc version 7.5.0 (Ubuntu 7.5.0-3ubuntu1~18.04)) #223-Ubuntu SMP Tue May 23 13:09:22 UTC 2023 (Ubuntu 4.15.0-212.223-generic 4.15.18)
[    0.000000] Command line: BOOT_IMAGE=/boot/vmlinuz-4.15.0-212-generic root=LABEL=cloudimg-rootfs ro console=tty1 console=ttyS0
[    0.000000] KERNEL supported cpus:
[    0.000000]   Intel GenuineIntel
[    0.000000]   AMD AuthenticAMD
[    0.000000]   Centaur CentaurHauls
[    0.000000] x86/fpu: Supporting XSAVE feature 0x001: 'x87 floating point registers'
[    0.000000] x86/fpu: Supporting XSAVE feature 0x002: 'SSE registers'
[    0.000000] x86/fpu: Supporting XSAVE feature 0x004: 'AVX registers'
[    0.000000] x86/fpu: xstate_offset[2]:  576, xstate_sizes[2]:  256
[    0.000000] x86/fpu: Enabled xstate features 0x7, context size is 832 bytes, using 'standard' format.
[    0.000000] e820: BIOS-provided physical RAM map:
[    0.000000] BIOS-e820: [mem 0x0000000000000000-0x000000000009fbff] usable
[    0.000000] BIOS-e820: [mem 0x000000000009fc00-0x000000000009ffff] reserved
[    0.000000] BIOS-e820: [mem 0x00000000000f0000-0x00000000000fffff] reserved
[    0.000000] BIOS-e820: [mem 0x0000000000100000-0x000000003ffeffff] usable
[    0.000000] BIOS-e820: [mem 0x000000003fff0000-0x000000003fffffff] ACPI data
[    0.000000] BIOS-e820: [mem 0x00000000fec00000-0x00000000fec00fff] reserved
[    0.000000] BIOS-e820: [mem 0x00000000fee00000-0x00000000fee00fff] reserved
[    0.000000] BIOS-e820: [mem 0x00000000fffc0000-0x00000000ffffffff] reserved
[    0.000000] NX (Execute Disable) protection: active
[    0.000000] SMBIOS 2.5 present.
[    0.000000] DMI: innotek GmbH VirtualBox/VirtualBox, BIOS VirtualBox 12/01/2006
[    0.000000] Hypervisor detected: KVM
[    0.000000] e820: last_pfn = 0x3fff0 max_arch_pfn = 0x400000000
[    0.000000] MTRR: Disabled
[    0.000000] x86/PAT: MTRRs disabled, skipping PAT initialization too.
[    0.000000] CPU MTRRs all blank - virtualized system.
[    0.000000] x86/PAT: Configuration [0-7]: WB  WT  UC- UC  WB  WT  UC- UC  
[    0.000000] found SMP MP-table at [mem 0x0009fff0-0x0009ffff]
[    0.000000] Scanning 1 areas for low memory corruption
[    0.000000] RAMDISK: [mem 0x359cb000-0x36cdcfff]
[    0.000000] ACPI: Early table checksum verification disabled
[    0.000000] ACPI: RSDP 0x00000000000E0000 000024 (v02 VBOX  )
[    0.000000] ACPI: XSDT 0x000000003FFF0030 00003C (v01 VBOX   VBOXXSDT 00000001 ASL  00000061)
[    0.000000] ACPI: FACP 0x000000003FFF00F0 0000F4 (v04 VBOX   VBOXFACP 00000001 ASL  00000061)
[    0.000000] ACPI: DSDT 0x000000003FFF0470 002325 (v02 VBOX   VBOXBIOS 00000002 INTL 20200925)
[    0.000000] ACPI: FACS 0x000000003FFF0200 000040
[    0.000000] ACPI: FACS 0x000000003FFF0200 000040
[    0.000000] ACPI: APIC 0x000000003FFF0240 00005C (v02 VBOX   VBOXAPIC 00000001 ASL  00000061)
[    0.000000] ACPI: SSDT 0x000000003FFF02A0 0001CC (v01 VBOX   VBOXCPUT 00000002 INTL 20200925)
[    0.000000] ACPI: Reserving FACP table memory at [mem 0x3fff00f0-0x3fff01e3]
[    0.000000] ACPI: Reserving DSDT table memory at [mem 0x3fff0470-0x3fff2794]
[    0.000000] ACPI: Reserving FACS table memory at [mem 0x3fff0200-0x3fff023f]
[    0.000000] ACPI: Reserving FACS table memory at [mem 0x3fff0200-0x3fff023f]
[    0.000000] ACPI: Reserving APIC table memory at [mem 0x3fff0240-0x3fff029b]
[    0.000000] ACPI: Reserving SSDT table memory at [mem 0x3fff02a0-0x3fff046b]
[    0.000000] No NUMA configuration found
[    0.000000] Faking a node at [mem 0x0000000000000000-0x000000003ffeffff]
[    0.000000] NODE_DATA(0) allocated [mem 0x3ffc5000-0x3ffeffff]
[    0.000000] kvm-clock: cpu 0, msr 0:3ff44001, primary cpu clock
[    0.000000] kvm-clock: Using msrs 4b564d01 and 4b564d00
[    0.000000] kvm-clock: using sched offset of 3358490034 cycles
[    0.000000] clocksource: kvm-clock: mask: 0xffffffffffffffff max_cycles: 0x1cd42e4dffb, max_idle_ns: 881590591483 ns
[    0.000000] Zone ranges:
[    0.000000]   DMA      [mem 0x0000000000001000-0x0000000000ffffff]
[    0.000000]   DMA32    [mem 0x0000000001000000-0x000000003ffeffff]
[    0.000000]   Normal   empty
[    0.000000]   Device   empty
[    0.000000] Movable zone start for each node
[    0.000000] Early memory node ranges
[    0.000000]   node   0: [mem 0x0000000000001000-0x000000000009efff]
[    0.000000]   node   0: [mem 0x0000000000100000-0x000000003ffeffff]
[    0.000000] Reserved but unavailable: 104 pages
[    0.000000] Initmem setup node 0 [mem 0x0000000000001000-0x000000003ffeffff]
[    0.000000] ACPI: PM-Timer IO Port: 0x4008
[    0.000000] IOAPIC[0]: apic_id 2, version 32, address 0xfec00000, GSI 0-23
[    0.000000] ACPI: INT_SRC_OVR (bus 0 bus_irq 0 global_irq 2 dfl dfl)
[    0.000000] ACPI: INT_SRC_OVR (bus 0 bus_irq 9 global_irq 9 low level)
[    0.000000] Using ACPI (MADT) for SMP configuration information
[    0.000000] smpboot: Allowing 2 CPUs, 0 hotplug CPUs
[    0.000000] PM: Registered nosave memory: [mem 0x00000000-0x00000fff]
[    0.000000] PM: Registered nosave memory: [mem 0x0009f000-0x0009ffff]
[    0.000000] PM: Registered nosave memory: [mem 0x000a0000-0x000effff]
[    0.000000] PM: Registered nosave memory: [mem 0x000f0000-0x000fffff]
[    0.000000] e820: [mem 0x40000000-0xfebfffff] available for PCI devices
[    0.000000] Booting paravirtualized kernel on KVM
[    0.000000] clocksource: refined-jiffies: mask: 0xffffffff max_cycles: 0xffffffff, max_idle_ns: 7645519600211568 ns
[    0.000000] setup_percpu: NR_CPUS:8192 nr_cpumask_bits:2 nr_cpu_ids:2 nr_node_ids:1
[    0.000000] percpu: Embedded 50 pages/cpu s167936 r8192 d28672 u1048576
[    0.000000] PV qspinlock hash table entries: 256 (order: 0, 4096 bytes)
[    0.000000] Built 1 zonelists, mobility grouping on.  Total pages: 257913
[    0.000000] Policy zone: DMA32
[    0.000000] Kernel command line: BOOT_IMAGE=/boot/vmlinuz-4.15.0-212-generic root=LABEL=cloudimg-rootfs ro console=tty1 console=ttyS0
[    0.000000] Memory: 982644K/1048120K available (12300K kernel code, 2477K rwdata, 4324K rodata, 2480K init, 2720K bss, 65476K reserved, 0K cma-reserved)
[    0.000000] SLUB: HWalign=64, Order=0-3, MinObjects=0, CPUs=2, Nodes=1
[    0.000000] Kernel/User page tables isolation: enabled
[    0.000000] ftrace: allocating 39508 entries in 155 pages
[    0.004000] Hierarchical RCU implementation.
[    0.004000] 	RCU restricting CPUs from NR_CPUS=8192 to nr_cpu_ids=2.
[    0.004000] 	Tasks RCU enabled.
[    0.004000] RCU: Adjusting geometry for rcu_fanout_leaf=16, nr_cpu_ids=2
[    0.004000] NR_IRQS: 524544, nr_irqs: 440, preallocated irqs: 16
[    0.004000] random: crng init done
[    0.004000] Console: colour VGA+ 80x25
[    0.004000] console [tty1] enabled
[    0.004000] console [ttyS0] enabled
[    0.004000] ACPI: Core revision 20170831
[    0.004000] ACPI: 2 ACPI AML tables successfully acquired and loaded
[    0.004000] APIC: Switch to symmetric I/O mode setup
[    0.004039] x2apic enabled
[    0.004555] Switched APIC routing to physical x2apic.
[    0.005827] ..TIMER: vector=0x30 apic1=0 pin1=2 apic2=-1 pin2=-1
[    0.008002] tsc: Detected 2419.200 MHz processor
[    0.008530] Calibrating delay loop (skipped) preset value.. 4838.40 BogoMIPS (lpj=9676800)
[    0.008957] pid_max: default: 32768 minimum: 301
[    0.012021] Security Framework initialized
[    0.012508] Yama: becoming mindful.
[    0.012943] AppArmor: AppArmor initialized
[    0.014037] Dentry cache hash table entries: 131072 (order: 8, 1048576 bytes)
[    0.014876] Inode-cache hash table entries: 65536 (order: 7, 524288 bytes)
[    0.016009] Mount-cache hash table entries: 2048 (order: 2, 16384 bytes)
[    0.016796] Mountpoint-cache hash table entries: 2048 (order: 2, 16384 bytes)
[    0.017854] Last level iTLB entries: 4KB 0, 2MB 0, 4MB 0
[    0.018518] Last level dTLB entries: 4KB 0, 2MB 0, 4MB 0, 1GB 0
[    0.019221] Spectre V1 : Mitigation: usercopy/swapgs barriers and __user pointer sanitization
[    0.020002] Spectre V2 : Mitigation: Retpolines
[    0.020568] Spectre V2 : Spectre v2 / SpectreRSB mitigation: Filling RSB on context switch
[    0.021543] Spectre V2 : Spectre v2 / SpectreRSB : Filling RSB on VMEXIT
[    0.022336] Speculative Store Bypass: Vulnerable
[    0.022928] MDS: Mitigation: Clear CPU buffers
[    0.024140] Freeing SMP alternatives memory: 36K
[    0.134536] smpboot: CPU0: 11th Gen Intel(R) Core(TM) i5-1135G7 @ 2.40GHz (family: 0x6, model: 0x8c, stepping: 0x1)
[    0.136000] Performance Events: unsupported p6 CPU model 140 no PMU driver, software events only.
[    0.136000] Hierarchical SRCU implementation.
[    0.136000] NMI watchdog: Perf event create on CPU 0 failed with -2
[    0.136001] NMI watchdog: Perf NMI watchdog permanently disabled
[    0.136745] smp: Bringing up secondary CPUs ...
[    0.137302] x86: Booting SMP configuration:
[    0.137775] .... node  #0, CPUs:      #1
[    0.004000] kvm-clock: cpu 1, msr 0:3ff44041, secondary cpu clock
[    0.140016] smp: Brought up 1 node, 2 CPUs
[    0.140476] smpboot: Max logical packages: 1
[    0.141011] smpboot: Total of 2 processors activated (9676.80 BogoMIPS)
[    0.144101] devtmpfs: initialized
[    0.144472] x86/mm: Memory block size: 128MB
[    0.145096] evm: security.selinux
[    0.145526] evm: security.SMACK64
[    0.146609] evm: security.SMACK64EXEC
[    0.147799] evm: security.SMACK64TRANSMUTE
[    0.148000] evm: security.SMACK64MMAP
[    0.148002] evm: security.apparmor
[    0.148425] evm: security.ima
[    0.148812] evm: security.capability
[    0.149290] clocksource: jiffies: mask: 0xffffffff max_cycles: 0xffffffff, max_idle_ns: 7645041785100000 ns
[    0.152005] futex hash table entries: 512 (order: 3, 32768 bytes)
[    0.152771] pinctrl core: initialized pinctrl subsystem
[    0.153958] RTC time:  3:35:21, date: 03/20/24
[    0.154558] NET: Registered protocol family 16
[    0.155148] audit: initializing netlink subsys (disabled)
[    0.156026] audit: type=2000 audit(1710905726.083:1): state=initialized audit_enabled=0 res=1
[    0.156906] cpuidle: using governor ladder
[    0.156906] cpuidle: using governor menu
[    0.157241] ACPI: bus type PCI registered
[    0.157794] acpiphp: ACPI Hot Plug PCI Controller Driver version: 0.5
[    0.160086] PCI: Using configuration type 1 for base access
[    0.160723] HugeTLB registered 2.00 MiB page size, pre-allocated 0 pages
[    0.160723] ACPI: Added _OSI(Module Device)
[    0.160723] ACPI: Added _OSI(Processor Device)
[    0.161082] ACPI: Added _OSI(3.0 _SCP Extensions)
[    0.164005] ACPI: Added _OSI(Processor Aggregator Device)
[    0.164558] ACPI: Added _OSI(Linux-Dell-Video)
[    0.165028] ACPI: Added _OSI(Linux-Lenovo-NV-HDMI-Audio)
[    0.165574] ACPI: Added _OSI(Linux-HPI-Hybrid-Graphics)
[    0.166313] ACPI: Executed 1 blocks of module-level executable AML code
[    0.169105] ACPI: Interpreter enabled
[    0.169539] ACPI: (supports S0 S5)
[    0.169926] ACPI: Using IOAPIC for interrupt routing
[    0.170599] PCI: Using host bridge windows from ACPI; if necessary, use "pci=nocrs" and report a bug
[    0.171673] ACPI: Enabled 2 GPEs in block 00 to 07
[    0.175712] ACPI: PCI Root Bridge [PCI0] (domain 0000 [bus 00-ff])
[    0.176007] acpi PNP0A03:00: _OSC: OS supports [ASPM ClockPM Segments MSI]
[    0.177028] acpi PNP0A03:00: _OSC: not requesting OS control; OS requires [ExtendedConfig ASPM ClockPM MSI]
[    0.178029] acpi PNP0A03:00: fail to add MMCONFIG information, can't access extended PCI configuration space under this bridge.
[    0.180061] PCI host bridge to bus 0000:00
[    0.180504] pci_bus 0000:00: root bus resource [io  0x0000-0x0cf7 window]
[    0.181166] pci_bus 0000:00: root bus resource [io  0x0d00-0xffff window]
[    0.181849] pci_bus 0000:00: root bus resource [mem 0x000a0000-0x000bffff window]
[    0.182625] pci_bus 0000:00: root bus resource [mem 0x40000000-0xfdffffff window]
[    0.183823] pci_bus 0000:00: root bus resource [bus 00-ff]
[    0.185100] pci 0000:00:01.1: legacy IDE quirk: reg 0x10: [io  0x01f0-0x01f7]
[    0.185853] pci 0000:00:01.1: legacy IDE quirk: reg 0x14: [io  0x03f6]
[    0.186591] pci 0000:00:01.1: legacy IDE quirk: reg 0x18: [io  0x0170-0x0177]
[    0.187301] pci 0000:00:01.1: legacy IDE quirk: reg 0x1c: [io  0x0376]
[    0.196461] pci 0000:00:07.0: quirk: [io  0x4000-0x403f] claimed by PIIX4 ACPI
[    0.197288] pci 0000:00:07.0: quirk: [io  0x4100-0x410f] claimed by PIIX4 SMB
[    0.202257] ACPI: PCI Interrupt Link [LNKA] (IRQs 5 9 10 *11)
[    0.203095] ACPI: PCI Interrupt Link [LNKB] (IRQs 5 9 *10 11)
[    0.203792] ACPI: PCI Interrupt Link [LNKC] (IRQs 5 *9 10 11)
[    0.204065] ACPI: PCI Interrupt Link [LNKD] (IRQs 5 9 10 *11)
[    0.204922] SCSI subsystem initialized
[    0.205374] pci 0000:00:02.0: vgaarb: setting as boot VGA device
[    0.205374] pci 0000:00:02.0: vgaarb: VGA device added: decodes=io+mem,owns=io+mem,locks=none
[    0.205506] pci 0000:00:02.0: vgaarb: bridge control possible
[    0.208006] vgaarb: loaded
[    0.208336] ACPI: bus type USB registered
[    0.208780] usbcore: registered new interface driver usbfs
[    0.209349] usbcore: registered new interface driver hub
[    0.209922] usbcore: registered new device driver usb
[    0.210491] EDAC MC: Ver: 3.0.0
[    0.210491] PCI: Using ACPI for IRQ routing
[    0.210491] NetLabel: Initializing
[    0.212002] NetLabel:  domain hash size = 128
[    0.212463] NetLabel:  protocols = UNLABELED CIPSOv4 CALIPSO
[    0.213054] NetLabel:  unlabeled traffic allowed by default
[    0.213659] clocksource: Switched to clocksource kvm-clock
[    0.220548] VFS: Disk quotas dquot_6.6.0
[    0.221049] VFS: Dquot-cache hash table entries: 512 (order 0, 4096 bytes)
[    0.221782] AppArmor: AppArmor Filesystem Enabled
[    0.222263] pnp: PnP ACPI init
[    0.223146] pnp: PnP ACPI: found 3 devices
[    0.230397] clocksource: acpi_pm: mask: 0xffffff max_cycles: 0xffffff, max_idle_ns: 2085701024 ns
[    0.231744] NET: Registered protocol family 2
[    0.232272] IP idents hash table entries: 16384 (order: 5, 131072 bytes)
[    0.233697] TCP established hash table entries: 8192 (order: 4, 65536 bytes)
[    0.234454] TCP bind hash table entries: 8192 (order: 5, 131072 bytes)
[    0.235128] TCP: Hash tables configured (established 8192 bind 8192)
[    0.235788] UDP hash table entries: 512 (order: 2, 16384 bytes)
[    0.236450] UDP-Lite hash table entries: 512 (order: 2, 16384 bytes)
[    0.237052] NET: Registered protocol family 1
[    0.237482] pci 0000:00:00.0: Limiting direct PCI/PCI transfers
[    0.238097] pci 0000:00:01.0: Activating ISA DMA hang workarounds
[    0.238734] pci 0000:00:02.0: Video device with shadowed ROM at [mem 0x000c0000-0x000dffff]
[    0.239646] Unpacking initramfs...
[    0.448942] Freeing initrd memory: 19528K
[    0.449664] clocksource: tsc: mask: 0xffffffffffffffff max_cycles: 0x22df1149949, max_idle_ns: 440795312789 ns
[    0.450727] platform rtc_cmos: registered platform RTC device (no PNP device found)
[    0.451558] Scanning for low memory corruption every 60 seconds
[    0.452814] Initialise system trusted keyrings
[    0.453315] Key type blacklist registered
[    0.453942] workingset: timestamp_bits=36 max_order=18 bucket_order=0
[    0.455225] zbud: loaded
[    0.455943] squashfs: version 4.0 (2009/01/31) Phillip Lougher
[    0.456809] fuse init (API version 7.26)
[    0.458425] Key type asymmetric registered
[    0.458896] Asymmetric key parser 'x509' registered
[    0.459434] Block layer SCSI generic (bsg) driver version 0.4 loaded (major 246)
[    0.460359] io scheduler noop registered
[    0.460782] io scheduler deadline registered
[    0.461249] io scheduler cfq registered (default)
[    0.462030] ACPI: AC Adapter [AC] (off-line)
[    0.462515] input: Power Button as /devices/LNXSYSTM:00/LNXPWRBN:00/input/input0
[    0.463289] ACPI: Power Button [PWRF]
[    0.463722] input: Sleep Button as /devices/LNXSYSTM:00/LNXSLPBN:00/input/input1
[    0.464525] ACPI: Sleep Button [SLPF]
[    0.465111] Serial: 8250/16550 driver, 32 ports, IRQ sharing enabled
[    0.465722] ACPI: Battery Slot [BAT0] (battery present)
[    0.486721] 00:02: ttyS0 at I/O 0x3f8 (irq = 4, base_baud = 115200) is a 16550A
[    0.488732] Linux agpgart interface v0.103
[    0.490481] loop: module loaded
[    0.491250] scsi host0: ata_piix
[    0.491715] scsi host1: ata_piix
[    0.492121] ata1: PATA max UDMA/33 cmd 0x1f0 ctl 0x3f6 bmdma 0xd000 irq 14
[    0.492857] ata2: PATA max UDMA/33 cmd 0x170 ctl 0x376 bmdma 0xd008 irq 15
[    0.493601] tun: Universal TUN/TAP device driver, 1.6
[    0.494161] PPP generic driver version 2.4.2
[    0.494635] ehci_hcd: USB 2.0 'Enhanced' Host Controller (EHCI) Driver
[    0.495288] ehci-pci: EHCI PCI platform driver
[    0.495763] ehci-platform: EHCI generic platform driver
[    0.496330] ohci_hcd: USB 1.1 'Open' Host Controller (OHCI) Driver
[    0.496952] ohci-pci: OHCI PCI platform driver
[    0.497423] ohci-platform: OHCI generic platform driver
[    0.497961] uhci_hcd: USB Universal Host Controller Interface driver
[    0.498631] i8042: PNP: PS/2 Controller [PNP0303:PS2K,PNP0f03:PS2M] at 0x60,0x64 irq 1,12
[    0.499862] serio: i8042 KBD port at 0x60,0x64 irq 1
[    0.500428] serio: i8042 AUX port at 0x60,0x64 irq 12
[    0.500999] mousedev: PS/2 mouse device common for all mice
[    0.501733] input: AT Translated Set 2 keyboard as /devices/platform/i8042/serio0/input/input2
[    0.502833] rtc_cmos rtc_cmos: rtc core: registered rtc_cmos as rtc0
[    0.503506] rtc_cmos rtc_cmos: alarms up to one day, 114 bytes nvram
[    0.504154] i2c /dev entries driver
[    0.504621] device-mapper: uevent: version 1.0.3
[    0.505135] device-mapper: ioctl: 4.37.0-ioctl (2017-09-20) initialised: dm-devel@redhat.com
[    0.506053] ledtrig-cpu: registered to indicate activity on CPUs
[    0.506873] NET: Registered protocol family 10
[    0.509727] Segment Routing with IPv6
[    0.510197] NET: Registered protocol family 17
[    0.510703] Key type dns_resolver registered
[    0.511264] mce: Using 0 MCE banks
[    0.511648] RAS: Correctable Errors collector initialized.
[    0.512275] sched_clock: Marking stable (512246901, 0)->(609362495, -97115594)
[    0.513230] registered taskstats version 1
[    0.513676] Loading compiled-in X.509 certificates
[    0.515589] Loaded X.509 cert 'Build time autogenerated kernel key: b5b26778eaa3ab3a4a6cee031137706e947d12ad'
[    0.517052] Loaded X.509 cert 'Canonical Ltd. Live Patch Signing: 14df34d1a87cf37625abec039ef2bf521249b969'
[    0.518450] Loaded X.509 cert 'Canonical Ltd. Kernel Module Signing: 88f752e560a1e0737e31163a466ad7b70a850c19'
[    0.519459] blacklist: Loading compiled-in revocation X.509 certificates
[    0.520160] Loaded X.509 cert 'Canonical Ltd. Secure Boot Signing: 61482aa2830d0ab2ad5af10b7250da9033ddcef0'
[    0.521192] Loaded X.509 cert 'Canonical Ltd. Secure Boot Signing (2017): 242ade75ac4a15e50d50c84b0d45ff3eae707a03'
[    0.522238] Loaded X.509 cert 'Canonical Ltd. Secure Boot Signing (ESM 2018): 365188c1d374d6b07c3c8f240f8ef722433d6a8b'
[    0.523313] Loaded X.509 cert 'Canonical Ltd. Secure Boot Signing (2019): c0746fd6c5da3ae827864651ad66ae47fe24b3e8'
[    0.524400] Loaded X.509 cert 'Canonical Ltd. Secure Boot Signing (2021 v1): a8d54bbb3825cfb94fa13c9f8a594a195c107b8d'
[    0.525557] Loaded X.509 cert 'Canonical Ltd. Secure Boot Signing (2021 v2): 4cf046892d6fd3c9a5b03f98d845f90851dc6a8c'
[    0.526685] Loaded X.509 cert 'Canonical Ltd. Secure Boot Signing (2021 v3): 100437bb6de6e469b581e61cd66bce3ef4ed53af'
[    0.527758] Loaded X.509 cert 'Canonical Ltd. Secure Boot Signing (Ubuntu Core 2019): c1d57b8f6b743f23ee41f4f7ee292f06eecadfb9'
[    0.528953] zswap: loaded using pool lzo/zbud
[    0.531472] Key type big_key registered
[    0.531923] Key type trusted registered
[    0.533313] Key type encrypted registered
[    0.533789] AppArmor: AppArmor sha1 policy hashing enabled
[    0.534368] ima: No TPM chip found, activating TPM-bypass! (rc=-19)
[    0.535003] ima: Allocated hash algorithm: sha1
[    0.535486] evm: HMAC attrs: 0x1
[    0.536015]   Magic number: 0:828:563
[    0.536466] platform Fixed MDIO bus.0: hash matches
[    0.537052] rtc_cmos rtc_cmos: setting system clock to 2024-03-20 03:35:22 UTC (1710905722)
[    0.538004] BIOS EDD facility v0.16 2004-Jun-25, 0 devices found
[    0.538742] EDD information not available.
[    1.166544] Freeing unused kernel image memory: 2480K
[    1.180098] Write protecting the kernel read-only data: 20480k
[    1.181587] Freeing unused kernel image memory: 2008K
[    1.182649] Freeing unused kernel image memory: 1820K
[    1.187547] x86/mm: Checked W+X mappings: passed, no W+X pages found.
[    1.188343] x86/mm: Checking user space page tables
[    1.192146] x86/mm: Checked W+X mappings: passed, no W+X pages found.
Loading, please wait...
starting version 237
[    1.238986] e1000: Intel(R) PRO/1000 Network Driver - version 7.3.21-k8-NAPI
[    1.239864] e1000: Copyright (c) 1999-2006 Intel Corporation.
[    1.242242] Fusion MPT base driver 3.04.20
[    1.242874] Copyright (c) 1999-2008 LSI Corporation
[    1.246828] Fusion MPT SPI Host driver 3.04.20
[    1.257785] AVX2 version of gcm_enc/dec engaged.
[    1.258324] AES CTR mode by8 optimization enabled
[    1.456936] input: ImExPS/2 Generic Explorer Mouse as /devices/platform/i8042/serio1/input/input4
[    1.601623] e1000 0000:00:03.0 eth0: (PCI:33MHz:32-bit) 02:3b:7b:b7:3b:2d
[    1.602941] e1000 0000:00:03.0 eth0: Intel(R) PRO/1000 Network Connection
[    1.604788] mptbase: ioc0: Initiating bringup
[    1.700419] ioc0: LSI53C1030 A0: Capabilities={Initiator}
[    1.942142] scsi host2: ioc0: LSI53C1030 A0, FwRev=00000000h, Ports=1, MaxQ=256, IRQ=20
[    2.109706] scsi 2:0:0:0: Direct-Access     VBOX     HARDDISK         1.0  PQ: 0 ANSI: 5
[    2.380177] scsi target2:0:0: Beginning Domain Validation
[    2.382332] scsi target2:0:0: Domain Validation skipping write tests
[    2.383035] scsi target2:0:0: Ending Domain Validation
[    2.383626] scsi target2:0:0: asynchronous
[    2.384596] scsi 2:0:1:0: Direct-Access     VBOX     HARDDISK         1.0  PQ: 0 ANSI: 5
[    2.466840] e1000 0000:00:08.0 eth1: (PCI:33MHz:32-bit) 08:00:27:93:88:e2
[    2.467956] e1000 0000:00:08.0 eth1: Intel(R) PRO/1000 Network Connection
[    2.546243] scsi target2:0:1: Beginning Domain Validation
[    2.550841] scsi target2:0:1: Domain Validation skipping write tests
[    2.552970] scsi target2:0:1: Ending Domain Validation
[    2.554666] scsi target2:0:1: asynchronous
[    2.558268] sd 2:0:0:0: [sda] 83886080 512-byte logical blocks: (42.9 GB/40.0 GiB)
[    2.559145] sd 2:0:0:0: [sda] Write Protect is off
[    2.559662] sd 2:0:0:0: Attached scsi generic sg0 type 0
[    2.560303] sd 2:0:0:0: [sda] Incomplete mode parameter data
[    2.560882] sd 2:0:0:0: [sda] Assuming drive cache: write through
[    2.562062] sd 2:0:1:0: [sdb] 20480 512-byte logical blocks: (10.5 MB/10.0 MiB)
[    2.562868] sd 2:0:1:0: [sdb] Write Protect is off
[    2.563428] sd 2:0:1:0: Attached scsi generic sg1 type 0
[    2.563998] sd 2:0:1:0: [sdb] Incomplete mode parameter data
[    2.564598] sd 2:0:1:0: [sdb] Assuming drive cache: write through
[    2.567942]  sda: sda1
[    2.568543] sd 2:0:0:0: [sda] Attached SCSI disk
[    2.569340] sd 2:0:1:0: [sdb] Attached SCSI disk
[    2.571101] e1000 0000:00:03.0 enp0s3: renamed from eth0
[    2.584481] e1000 0000:00:08.0 enp0s8: renamed from eth1
Begin: Loading essential drivers ... [    3.916049] raid6: sse2x1   gen() 15865 MB/s
[    3.964041] raid6: sse2x1   xor() 10451 MB/s
[    4.012049] raid6: sse2x2   gen() 22264 MB/s
[    4.060080] raid6: sse2x2   xor() 14283 MB/s
[    4.108027] raid6: sse2x4   gen() 20725 MB/s
[    4.156070] raid6: sse2x4   xor() 12090 MB/s
[    4.204053] raid6: avx2x1   gen() 34153 MB/s
[    4.252040] raid6: avx2x1   xor() 19837 MB/s
[    4.300045] raid6: avx2x2   gen() 39305 MB/s
[    4.348030] raid6: avx2x2   xor() 25782 MB/s
[    4.396056] raid6: avx2x4   gen() 39433 MB/s
[    4.444045] raid6: avx2x4   xor() 22602 MB/s
[    4.444659] raid6: using algorithm avx2x4 gen() 39433 MB/s
[    4.445213] raid6: .... xor() 22602 MB/s, rmw enabled
[    4.445729] raid6: using avx2x2 recovery algorithm
[    4.447010] xor: automatically using best checksumming function   avx       
[    4.448406] async_tx: api initialized (async)
done.
Begin: Running /scripts/init-premount ... done.
Begin: Mounting root file system ... Begin: Running /scripts/local-top ... done.
Begin: Running /scripts/local-premount ... [    4.479725] Btrfs loaded, crc32c=crc32c-intel
Scanning for Btrfs filesystems
done.
Warning: fsck not present, so skipping root file system
[    4.503942] EXT4-fs (sda1): mounted filesystem with ordered data mode. Opts: (null)
done.
Begin: Running /scripts/local-bottom ... done.
Begin: Running /scripts/init-bottom ... done.
[    4.642848] ip_tables: (C) 2000-2006 Netfilter Core Team
[    4.648565] systemd[1]: systemd 237 running in system mode. (+PAM +AUDIT +SELINUX +IMA +APPARMOR +SMACK +SYSVINIT +UTMP +LIBCRYPTSETUP +GCRYPT +GNUTLS +ACL +XZ +LZ4 +SECCOMP +BLKID +ELFUTILS +KMOD -IDN2 +IDN -PCRE2 default-hierarchy=hybrid)
[    4.650702] systemd[1]: Detected virtualization oracle.
[    4.651253] systemd[1]: Detected architecture x86-64.

Welcome to [1mUbuntu 18.04.6 LTS[0m!

[    4.654851] systemd[1]: Set hostname to <ubuntu>.
[    4.656546] systemd[1]: Initializing machine ID from random generator.
[    4.657248] systemd[1]: Installed transient /etc/machine-id file.
[    4.833493] systemd[1]: Reached target System Time Synchronized.
[[0;32m  OK  [0m] Reached target System Time Synchronized.
[    4.835934] systemd[1]: Created slice User and Session Slice.
[[0;32m  OK  [0m] Created slice User and Session Slice.
[    4.837308] systemd[1]: Started Forward Password Requests to Wall Directory Watch.
[[0;32m  OK  [0m] Started Forward Password Requests to Wall Directory Watch.
[    4.838964] systemd[1]: Reached target User and Group Name Lookups.
[[0;32m  OK  [0m] Reached target User and Group Name Lookups.
[[0;32m  OK  [0m] Reached target Swap.
[[0;32m  OK  [0m] Set up automount Arbitrary Executab…rmats File System Automount Point.
[[0;32m  OK  [0m] Created slice System Slice.
[[0;32m  OK  [0m] Listening on fsck to fsckd communication Socket.
[[0;32m  OK  [0m] Listening on Journal Audit Socket.
[[0;32m  OK  [0m] Listening on Network Service Netlink Socket.
[[0;32m  OK  [0m] Listening on Syslog Socket.
[[0;32m  OK  [0m] Listening on Journal Socket.
         Starting Create list of required st…ce nodes for the current kernel...
[[0;32m  OK  [0m] Listening on udev Kernel Socket.
[[0;32m  OK  [0m] Reached target Slices.
         Mounting Huge Pages File System...
         Starting File System Check on Root Device...
         Mounting POSIX Message Queue File System...
         Starting Uncomplicated firewall...
[[0;32m  OK  [0m] Listening on Device-mapper event daemon FIFOs.
         Starting Set the console keyboard layout...
[[0;32m  OK  [0m] Listening on LVM2 poll daemon socket.
[[0;32m  OK  [0m] Created slice system-serial\x2dgetty.slice.
[[0;32m  OK  [0m] Listening on Journal Socket (/dev/log).
         Starting Journal Service...
[[0;32m  OK  [0m] Listening on LVM2 metadata daemon socket.
         Starting Monitoring of LVM2 mirrors…ng dmeventd or progress polling...
[[0;32m  OK  [0m] Listening on udev Control Socket.
         Starting udev Coldplug all Devices...
[[0;32m  OK  [0m] Listening on /dev/initctl Compatibility Named Pipe.
         Starting Load Kernel Modules...
         Mounting Kernel Debug File System...
[[0;32m  OK  [0m] Reached target Mounting snaps.
[[0;32m  OK  [0m] Reached target Mounted snaps.
[[0;32m  OK  [0m] Started Create list of required sta…vice nodes for the current kernel.
[[0;32m  OK  [0m] Mounted Huge Pages File System.
[[0;32m  OK  [0m] Mounted POSIX Message Queue File System.
[[0;32m  OK  [0m] Started Uncomplicated firewall.
[[0;32m  OK  [0m] Mounted Kernel Debug File System.
[[0;32m  OK  [0m] Started File System Check Daemon to report status.
[[0;32m  OK  [0m] Started LVM2 metadata daemon.
         Starting Create Static Device Nodes in /dev...
[[0;32m  OK  [0m] Started File System Check on Root Device.
         Starting Remount Root and Kernel File Systems...
[[0;32m  OK  [0m] Started udev Coldplug all Devices.
[    4.942743] Loading iSCSI transport class v2.0-870.
[    4.947103] iscsi: registered transport (tcp)
[[0;32m  OK  [0m] Started Create Static Device Nodes in /dev.
[[0;32m  OK  [0m] Started Journal Service.
[    5.018520] EXT4-fs (sda1): re-mounted. Opts: (null)
[[0;32m  OK  [0m] Started Remount Root and Kernel File Systems.
         Starting udev Kernel Device Manager...
         Starting Load/Save Random Seed...
         Starting Flush Journal to Persistent Storage...
[[0;32m  OK  [0m] Started Monitoring of LVM2 mirrors,…sing dmeventd or progress polling.
[    5.035668] iscsi: registered transport (iser)
[[0;32m  OK  [0m] Started Load Kernel Modules.
         Mounting Kernel Configuration File System...
         Starting Apply Kernel Variables...
         Mounting FUSE Control File System...
[[0;32m  OK  [0m] Started Load/Save Random Seed.
[[0;32m  OK  [0m] Mounted Kernel Configuration File System.
[[0;32m  OK  [0m] Mounted FUSE Control File System.
[    5.047811] systemd-journald[400]: Received request to flush runtime journal from PID 1
[[0;32m  OK  [0m] Started udev Kernel Device Manager.
[[0;32m  OK  [0m] Started Apply Kernel Variables.
[[0;32m  OK  [0m] Started Flush Journal to Persistent Storage.
[[0;32m  OK  [0m] Found device /dev/ttyS0.
[[0;32m  OK  [0m] Listening on Load/Save RF Kill Switch Status /dev/rfkill Watch.
         Mounting Arbitrary Executable File Formats File System...
[[0;32m  OK  [0m] Mounted Arbitrary Executable File Formats File System.
[[0;32m  OK  [0m] Started Set the console keyboard layout.
[[0;32m  OK  [0m] Reached target Local File Systems (Pre).
[[0;32m  OK  [0m] Reached target Local File Systems.
         Starting Tell Plymouth To Write Out Runtime Data...
         Starting Commit a transient machine-id on disk...
         Starting Set console font and keymap...
         Starting AppArmor initialization...
         Starting ebtables ruleset management...
         Starting Create Volatile Files and Directories...
[[0;32m  OK  [0m] Started Dispatch Password Requests to Console Directory Watch.
[[0;32m  OK  [0m] Reached target Local Encrypted Volumes.
[[0;32m  OK  [0m] Started Tell Plymouth To Write Out Runtime Data.
[[0;32m  OK  [0m] Started Create Volatile Files and Directories.
         Starting Update UTMP about System Boot/Shutdown...
[[0;32m  OK  [0m] Started Update UTMP about System Boot/Shutdown.
[[0;32m  OK  [0m] Started Commit a transient machine-id on disk.
[[0;32m  OK  [0m] Started ebtables ruleset management.
[[0;32m  OK  [0m] Started AppArmor initialization.
         Starting Load AppArmor profiles managed internally by snapd...
         Starting Initial cloud-init job (pre-networking)...
[[0;32m  OK  [0m] Started Load AppArmor profiles managed internally by snapd.
[[0;32m  OK  [0m] Started Set console font and keymap.
[    7.268364] cloud-init[704]: Cloud-init v. 23.1.2-0ubuntu0~18.04.1 running 'init-local' at Wed, 20 Mar 2024 03:35:28 +0000. Up 7.03 seconds.
[[0;32m  OK  [0m] Started Initial cloud-init job (pre-networking).
[[0;32m  OK  [0m] Reached target Network (Pre).
         Starting Network Service...
[[0;32m  OK  [0m] Started Network Service.
         Starting Wait for Network to be Configured...
         Starting Network Name Resolution...
[[0;32m  OK  [0m] Started Network Name Resolution.
[[0;32m  OK  [0m] Reached target Network.
[[0;32m  OK  [0m] Reached target Host and Network Name Lookups.
[[0;32m  OK  [0m] Started Wait for Network to be Configured.
         Starting Initial cloud-init job (metadata service crawler)...
[    9.178775] cloud-init[1018]: Cloud-init v. 23.1.2-0ubuntu0~18.04.1 running 'init' at Wed, 20 Mar 2024 03:35:31 +0000. Up 9.08 seconds.
[    9.179661] cloud-init[1018]: ci-info: ++++++++++++++++++++++++++++++++++++++Net device info+++++++++++++++++++++++++++++++++++++++
[    9.180430] cloud-init[1018]: ci-info: +--------+-------+----------------------------+---------------+--------+-------------------+
[    9.181235] cloud-init[1018]: ci-info: | Device |   Up  |          Address           |      Mask     | Scope  |     Hw-Address    |
[    9.182009] cloud-init[1018]: ci-info: +--------+-------+----------------------------+---------------+--------+-------------------+
[    9.182790] cloud-init[1018]: ci-info: | enp0s3 |  True |         10.0.2.15          | 255.255.255.0 | global | 02:3b:7b:b7:3b:2d |
[    9.183572] cloud-init[1018]: ci-info: | enp0s3 |  True | fe80::3b:7bff:feb7:3b2d/64 |       .       |  link  | 02:3b:7b:b7:3b:2d |
[    9.184371] cloud-init[1018]: ci-info: | enp0s8 | False |             .              |       .       |   .    | 08:00:27:93:88:e2 |
[    9.185155] cloud-init[1018]: ci-info: |   lo   |  True |         127.0.0.1          |   255.0.0.0   |  host  |         .         |
[    9.185895] cloud-init[1018]: ci-info: |   lo   |  True |          ::1/128           |       .       |  host  |         .         |
[    9.186635] cloud-init[1018]: ci-info: +--------+-------+----------------------------+---------------+--------+-------------------+
[    9.187408] cloud-init[1018]: ci-info: ++++++++++++++++++++++++++++Route IPv4 info+++++++++++++++++++++++++++++
[    9.188208] cloud-init[1018]: ci-info: +-------+-------------+----------+-----------------+-----------+-------+
[    9.189073] cloud-init[1018]: ci-info: | Route | Destination | Gateway  |     Genmask     | Interface | Flags |
[    9.189920] cloud-init[1018]: ci-info: +-------+-------------+----------+-----------------+-----------+-------+
[    9.190767] cloud-init[1018]: ci-info: |   0   |   0.0.0.0   | 10.0.2.2 |     0.0.0.0     |   enp0s3  |   UG  |
[    9.191581] cloud-init[1018]: ci-info: |   1   |   10.0.2.0  | 0.0.0.0  |  255.255.255.0  |   enp0s3  |   U   |
[    9.192368] cloud-init[1018]: ci-info: |   2   |   10.0.2.2  | 0.0.0.0  | 255.255.255.255 |   enp0s3  |   UH  |
[    9.193177] cloud-init[1018]: ci-info: +-------+-------------+----------+-----------------+-----------+-------+
[    9.193816] cloud-init[1018]: ci-info: +++++++++++++++++++Route IPv6 info+++++++++++++++++++
[    9.194346] cloud-init[1018]: ci-info: +-------+-------------+---------+-----------+-------+
[    9.194872] cloud-init[1018]: ci-info: | Route | Destination | Gateway | Interface | Flags |
[    9.195405] cloud-init[1018]: ci-info: +-------+-------------+---------+-----------+-------+
[    9.195958] cloud-init[1018]: ci-info: |   1   |  fe80::/64  |    ::   |   enp0s3  |   U   |
[    9.196506] cloud-init[1018]: ci-info: |   3   |    local    |    ::   |   enp0s3  |   U   |
[    9.197042] cloud-init[1018]: ci-info: |   4   |   ff00::/8  |    ::   |   enp0s3  |   U   |
[    9.197576] cloud-init[1018]: ci-info: +-------+-------------+---------+-----------+-------+
[    9.752042] cloud-init[1018]: Generating public/private rsa key pair.
[    9.752599] cloud-init[1018]: Your identification has been saved in /etc/ssh/ssh_host_rsa_key.
[    9.753182] cloud-init[1018]: Your public key has been saved in /etc/ssh/ssh_host_rsa_key.pub.
[    9.753764] cloud-init[1018]: The key fingerprint is:
[    9.754122] cloud-init[1018]: SHA256:g282Dv5bW0RAoZ9LX7+jt+CmQ8GJjKnnti88cs/ZzeY root@ubuntu-bionic
[    9.754711] cloud-init[1018]: The key's randomart image is:
[    9.755091] cloud-init[1018]: +---[RSA 2048]----+
[    9.755447] cloud-init[1018]: |         .+.     |
[    9.755786] cloud-init[1018]: |         . .     |
[    9.756136] cloud-init[1018]: |        = o o    |
[    9.756477] cloud-init[1018]: |       + + *     |
[    9.756811] cloud-init[1018]: |      o S + o .  |
[    9.757150] cloud-init[1018]: |     . o o = . . |
[    9.757504] cloud-init[1018]: |      = = + o.  .|
[    9.757841] cloud-init[1018]: |     o %.oo++o.o.|
[    9.758174] cloud-init[1018]: |      =oX*.o*Eooo|
[    9.758510] cloud-init[1018]: +----[SHA256]-----+
[    9.758844] cloud-init[1018]: Generating public/private dsa key pair.
[    9.759271] cloud-init[1018]: Your identification has been saved in /etc/ssh/ssh_host_dsa_key.
[    9.759844] cloud-init[1018]: Your public key has been saved in /etc/ssh/ssh_host_dsa_key.pub.
[    9.760430] cloud-init[1018]: The key fingerprint is:
[    9.760785] cloud-init[1018]: SHA256:sfwrwsm3DiYgobIN+FiT8F9dnI0VEx8DYtKvWkUMT34 root@ubuntu-bionic
[    9.761382] cloud-init[1018]: The key's randomart image is:
[    9.761767] cloud-init[1018]: +---[DSA 1024]----+
[    9.762111] cloud-init[1018]: |        ..+oB+o  |
[    9.762443] cloud-init[1018]: |         +.Xoo o |
[    9.762781] cloud-init[1018]: |o       . =o+ E  |
[    9.763126] cloud-init[1018]: |o+ .   o +  o.   |
[    9.763462] cloud-init[1018]: |* *   . S  o     |
[    9.763802] cloud-init[1018]: |.O + .   .o      |
[    9.764170] cloud-init[1018]: |o o ooo. o.      |
[    9.764510] cloud-init[1018]: |     o=.+  .     |
[    9.764849] cloud-init[1018]: |       +oo.      |
[    9.765187] cloud-init[1018]: +----[SHA256]-----+
[    9.765525] cloud-init[1018]: Generating public/private ecdsa key pair.
[    9.765973] cloud-init[1018]: Your identification has been saved in /etc/ssh/ssh_host_ecdsa_key.
[    9.766557] cloud-init[1018]: Your public key has been saved in /etc/ssh/ssh_host_ecdsa_key.pub.
[    9.767149] cloud-init[1018]: The key fingerprint is:
[    9.767505] cloud-init[1018]: SHA256:w+skbFvtqF8rc5umfz1qfIx0kfzKodTXQ6ereW8C6+c root@ubuntu-bionic
[    9.768143] cloud-init[1018]: The key's randomart image is:
[    9.768579] cloud-init[1018]: +---[ECDSA 256]---+
[    9.768980] cloud-init[1018]: |                 |
[    9.769379] cloud-init[1018]: |                 |
[    9.769933] cloud-init[1018]: |             . . |
[    9.770390] cloud-init[1018]: |       .      +..|
[    9.788150] cloud-init[1018]: |        S    ..+o|
[    9.788605] cloud-init[1018]: |     .   +  + =.+|
[    9.789018] cloud-init[1018]: |      + + o+ X =.|
[    9.789416] cloud-init[1018]: |     . *o+ooB.% .|
[    9.789801] cloud-init[1018]: |      oo=B*==BE=.|
[    9.790176] cloud-init[1018]: +----[SHA256]-----+
[    9.790561] cloud-init[1018]: Generating public/private ed25519 key pair.
[    9.791074] cloud-init[1018]: Your identification has been saved in /etc/ssh/ssh_host_ed25519_key.
[    9.791810] cloud-init[1018]: Your public key has been saved in /etc/ssh/ssh_host_ed25519_key.pub.
[    9.792561] cloud-init[1018]: The key fingerprint is:
[    9.793008] cloud-init[1018]: SHA256:7HGQu59mq6kGEPG5A9m7eBhEmuX/qywVSdCmNW+eRec root@ubuntu-bionic
[    9.793759] cloud-init[1018]: The key's randomart image is:
[    9.794243] cloud-init[1018]: +--[ED25519 256]--+
[    9.794668] cloud-init[1018]: |  =+             |
[    9.795095] cloud-init[1018]: | *.+*.  ...      |
[    9.795548] cloud-init[1018]: |o =*++ .oo       |
[    9.795917] cloud-init[1018]: | .ooooo..oE      |
[    9.796298] cloud-init[1018]: |  ..=+ oS .      |
[    9.796674] cloud-init[1018]: |   +o+o. +       |
[    9.797045] cloud-init[1018]: |  o.o.. o        |
[    9.797412] cloud-init[1018]: |  .o  .. oo.     |
[    9.797810] cloud-init[1018]: |   .ooo.o++.     |
[    9.798189] cloud-init[1018]: +----[SHA256]-----+
[[0;32m  OK  [0m] Started Initial cloud-init job (metadata service crawler).
[[0;32m  OK  [0m] Reached target System Initialization.
[[0;32m  OK  [0m] Listening on ACPID Listen Socket.
[[0;32m  OK  [0m] Started Message of the Day.
[[0;32m  OK  [0m] Listening on Open-iSCSI iscsid Socket.
[[0;32m  OK  [0m] Started ACPI Events Check.
[[0;32m  OK  [0m] Started Ubuntu Advantage Timer for running repeated jobs.
[[0;32m  OK  [0m] Listening on UUID daemon activation socket.
[[0;32m  OK  [0m] Listening on D-Bus System Message Bus Socket.
         Starting Socket activation for snappy daemon.
[[0;32m  OK  [0m] Started Daily Cleanup of Temporary Directories.
[[0;32m  OK  [0m] Started Daily apt download activities.
[[0;32m  OK  [0m] Started Daily apt upgrade and clean activities.
[[0;32m  OK  [0m] Reached target Paths.
         Starting LXD - unix socket.
[[0;32m  OK  [0m] Listening on cloud-init hotplug hook socket.
[[0;32m  OK  [0m] Started Discard unused blocks once a week.
[[0;32m  OK  [0m] Reached target Timers.
[[0;32m  OK  [0m] Reached target Network is Online.
         Starting Availability of block devices...
[[0;32m  OK  [0m] Reached target Remote File Systems (Pre).
[[0;32m  OK  [0m] Reached target Remote File Systems.
[[0;32m  OK  [0m] Reached target Cloud-config availability.
[[0;32m  OK  [0m] Listening on Socket activation for snappy daemon.
[[0;32m  OK  [0m] Listening on LXD - unix socket.
[[0;32m  OK  [0m] Reached target Sockets.
[[0;32m  OK  [0m] Reached target Basic System.
[[0;32m  OK  [0m] Started D-Bus System Message Bus.
         Starting Dispatcher daemon for systemd-networkd...
         Starting Login Service...
         Starting LSB: Record successful boot for GRUB...
         Starting Snap Daemon...
         Starting Permit User Sessions...
[[0;32m  OK  [0m] Started FUSE filesystem for LXC.
[[0;32m  OK  [0m] Started Deferred execution scheduler.
         Starting LXD - container startup/shutdown...
[[0;32m  OK  [0m] Reached target Login Prompts (Pre).
         Starting Pollinate to seed the pseudo random number generator...
         Starting Virtualbox guest utils...
         Starting LSB: automatic crash report generation...
[[0;32m  OK  [0m] Started Regular background program processing daemon.
         Starting Accounts Service...
         Starting System Logging Service...
[[0;32m  OK  [0m] Started irqbalance daemon.
[[0;32m  OK  [0m] Started Availability of block devices.
[[0;32m  OK  [0m] Started Permit User Sessions.
         Starting Hold until boot process finishes up...
         Starting Terminate Plymouth Boot Screen...
[[0;32m  OK  [0m] Started Hold until boot process finishes up.
[[0;32m  OK  [0m] Started Serial Getty on ttyS0.
         Starting Set console scheme...
[[0;32m  OK  [0m] Started Terminate Plymouth Boot Screen.
[[0;32m  OK  [0m] Started Login Service.
[[0;32m  OK  [0m] Started Unattended Upgrades Shutdown.
[[0;32m  OK  [0m] Started LSB: automatic crash report generation.
[[0;32m  OK  [0m] Started System Logging Service.
[[0;32m  OK  [0m] Started Set console scheme.
[[0;32m  OK  [0m] Created slice system-getty.slice.
[[0;32m  OK  [0m] Started Getty on tty1.
[[0;32m  OK  [0m] Reached target Login Prompts.
         Starting Authorization Manager...
[[0;32m  OK  [0m] Started Authorization Manager.
[[0;32m  OK  [0m] Started Accounts Service.
[[0;32m  OK  [0m] Started LSB: Record successful boot for GRUB.
[[0;32m  OK  [0m] Started LXD - container startup/shutdown.
[[0;32m  OK  [0m] Started Virtualbox guest utils.
[[0;32m  OK  [0m] Started Snap Daemon.
         Starting Wait until snapd is fully seeded...
[[0;32m  OK  [0m] Started Dispatcher daemon for systemd-networkd.
[[0;32m  OK  [0m] Started Pollinate to seed the pseudo random number generator.
         Starting OpenBSD Secure Shell server...
[[0;32m  OK  [0m] Started OpenBSD Secure Shell server.
         Starting Time & Date Service...
[[0;32m  OK  [0m] Started Time & Date Service.
[[0;32m  OK  [0m] Created slice User Slice of vagrant.
         Starting User Manager for UID 1000...
[[0;32m  OK  [0m] Started Session 1 of user vagrant.
[[0;32m  OK  [0m] Started User Manager for UID 1000.
[[0;32m  OK  [0m] Started Wait until snapd is fully seeded.
         Starting Apply the settings specified in cloud-config...
[   13.141890] cloud-init[1663]: Cloud-init v. 23.1.2-0ubuntu0~18.04.1 running 'modules:config' at Wed, 20 Mar 2024 03:35:34 +0000. Up 12.60 seconds.
[[0;32m  OK  [0m] Started Apply the settings specified in cloud-config.
[[0;32m  OK  [0m] Reached target Multi-User System.
[[0;32m  OK  [0m] Reached target Graphical Interface.
         Starting Execute cloud user/final scripts...
         Starting Update UTMP about System Runlevel Changes...
[[0;32m  OK  [0m] Started Update UTMP about System Runlevel Changes.
ci-info: no authorized SSH keys fingerprints found for user ubuntu.
<14>Mar 20 03:35:35 cloud-init: #############################################################
<14>Mar 20 03:35:35 cloud-init: -----BEGIN SSH HOST KEY FINGERPRINTS-----
<14>Mar 20 03:35:35 cloud-init: 1024 SHA256:sfwrwsm3DiYgobIN+FiT8F9dnI0VEx8DYtKvWkUMT34 root@ubuntu-bionic (DSA)
<14>Mar 20 03:35:35 cloud-init: 256 SHA256:w+skbFvtqF8rc5umfz1qfIx0kfzKodTXQ6ereW8C6+c root@ubuntu-bionic (ECDSA)
<14>Mar 20 03:35:35 cloud-init: 256 SHA256:7HGQu59mq6kGEPG5A9m7eBhEmuX/qywVSdCmNW+eRec root@ubuntu-bionic (ED25519)
<14>Mar 20 03:35:35 cloud-init: 2048 SHA256:g282Dv5bW0RAoZ9LX7+jt+CmQ8GJjKnnti88cs/ZzeY root@ubuntu-bionic (RSA)
<14>Mar 20 03:35:35 cloud-init: -----END SSH HOST KEY FINGERPRINTS-----
<14>Mar 20 03:35:35 cloud-init: #############################################################
-----BEGIN SSH HOST KEY KEYS-----
ecdsa-sha2-nistp256 AAAAE2VjZHNhLXNoYTItbmlzdHAyNTYAAAAIbmlzdHAyNTYAAABBBK/OUKX0NnfjTyOfO3N8O4D60cHCl6Z1R7ljVBWpa9qHe+mKqFpuM6825G2mdwjWvrxh5BLUA/AtWoeMmY2T974= root@ubuntu-bionic
ssh-ed25519 AAAAC3NzaC1lZDI1NTE5AAAAIJOZVO/adcy9Y9vW55oP1CkDWs3ERHSQZelPAKzu7g0q root@ubuntu-bionic
ssh-rsa AAAAB3NzaC1yc2EAAAADAQABAAABAQC2Ea4rzLG1bSagVI/Fqd8ux7zwa3pzJnuzS/83rFR1bB9zq0/cbFZo5ouCGzsaT0IGTfDYAJxb9s33rSWZDXzbrBKxVOMXLwFugQe+Rr3k4o5LNUbEufm8I9gQkIS58C3I8Z43mgSi5vaNRqv3IBz5uK93CJ/AZLKjJlfcPxDbZC0AeD+NR18D4i6EIWXwrKZKr7R8iW3ILHu46Hq1Ea1px6SeaQ4hyFht+hiKqaYSJcRIQccc/26qf2OeHgmwxRjlgxVbFeYckYXp0lFGBUmkRLr3umOzjZ7azcgXcXFYJ20pAUQcNTFGW4l3s45xKEz0c4ZqFlhjFuUCiVF1y5TF root@ubuntu-bionic
-----END SSH HOST KEY KEYS-----
[   13.680255] cloud-init[1736]: Cloud-init v. 23.1.2-0ubuntu0~18.04.1 running 'modules:final' at Wed, 20 Mar 2024 03:35:35 +0000. Up 13.55 seconds.
[   13.681197] cloud-init[1736]: Cloud-init v. 23.1.2-0ubuntu0~18.04.1 finished at Wed, 20 Mar 2024 03:35:35 +0000. Datasource DataSourceNoCloud [seed=/dev/sdb][dsmode=net].  Up 13.67 seconds
[[0;32m  OK  [0m] Started Execute cloud user/final scripts.
[[0;32m  OK  [0m] Reached target Cloud-init target.

Ubuntu 18.04.6 LTS ubuntu-bionic ttyS0

ubuntu-bionic login: 