[    0.000000] Linux version 4.15.0-212-generic (buildd@lcy02-amd64-083) (gcc version 7.5.0 (Ubuntu 7.5.0-3ubuntu1~18.04)) #223-Ubuntu SMP Tue May 23 13:09:22 UTC 2023 (Ubuntu 4.15.0-212.223-generic 4.15.18)
[    0.000000] Command line: BOOT_IMAGE=/boot/vmlinuz-4.15.0-212-generic root=LABEL=cloudimg-rootfs ro console=tty1 console=ttyS0
[    0.000000] KERNEL supported cpus:
[    0.000000]   Intel GenuineIntel
[    0.000000]   AMD AuthenticAMD
[    0.000000]   Centaur CentaurHauls
[    0.000000] x86/fpu: Supporting XSAVE feature 0x001: 'x87 floating point registers'
[    0.000000] x86/fpu: Supporting XSAVE feature 0x002: 'SSE registers'
[    0.000000] x86/fpu: Supporting XSAVE feature 0x004: 'AVX registers'
[    0.000000] x86/fpu: xstate_offset[2]:  576, xstate_sizes[2]:  256
[    0.000000] x86/fpu: Enabled xstate features 0x7, context size is 832 bytes, using 'standard' format.
[    0.000000] e820: BIOS-provided physical RAM map:
[    0.000000] BIOS-e820: [mem 0x0000000000000000-0x000000000009fbff] usable
[    0.000000] BIOS-e820: [mem 0x000000000009fc00-0x000000000009ffff] reserved
[    0.000000] BIOS-e820: [mem 0x00000000000f0000-0x00000000000fffff] reserved
[    0.000000] BIOS-e820: [mem 0x0000000000100000-0x000000003ffeffff] usable
[    0.000000] BIOS-e820: [mem 0x000000003fff0000-0x000000003fffffff] ACPI data
[    0.000000] BIOS-e820: [mem 0x00000000fec00000-0x00000000fec00fff] reserved
[    0.000000] BIOS-e820: [mem 0x00000000fee00000-0x00000000fee00fff] reserved
[    0.000000] BIOS-e820: [mem 0x00000000fffc0000-0x00000000ffffffff] reserved
[    0.000000] NX (Execute Disable) protection: active
[    0.000000] SMBIOS 2.5 present.
[    0.000000] DMI: innotek GmbH VirtualBox/VirtualBox, BIOS VirtualBox 12/01/2006
[    0.000000] Hypervisor detected: KVM
[    0.000000] e820: last_pfn = 0x3fff0 max_arch_pfn = 0x400000000
[    0.000000] MTRR: Disabled
[    0.000000] x86/PAT: MTRRs disabled, skipping PAT initialization too.
[    0.000000] CPU MTRRs all blank - virtualized system.
[    0.000000] x86/PAT: Configuration [0-7]: WB  WT  UC- UC  WB  WT  UC- UC  
[    0.000000] found SMP MP-table at [mem 0x0009fff0-0x0009ffff]
[    0.000000] Scanning 1 areas for low memory corruption
[    0.000000] RAMDISK: [mem 0x359cb000-0x36cdcfff]
[    0.000000] ACPI: Early table checksum verification disabled
[    0.000000] ACPI: RSDP 0x00000000000E0000 000024 (v02 VBOX  )
[    0.000000] ACPI: XSDT 0x000000003FFF0030 00003C (v01 VBOX   VBOXXSDT 00000001 ASL  00000061)
[    0.000000] ACPI: FACP 0x000000003FFF00F0 0000F4 (v04 VBOX   VBOXFACP 00000001 ASL  00000061)
[    0.000000] ACPI: DSDT 0x000000003FFF0470 002325 (v02 VBOX   VBOXBIOS 00000002 INTL 20200925)
[    0.000000] ACPI: FACS 0x000000003FFF0200 000040
[    0.000000] ACPI: FACS 0x000000003FFF0200 000040
[    0.000000] ACPI: APIC 0x000000003FFF0240 00005C (v02 VBOX   VBOXAPIC 00000001 ASL  00000061)
[    0.000000] ACPI: SSDT 0x000000003FFF02A0 0001CC (v01 VBOX   VBOXCPUT 00000002 INTL 20200925)
[    0.000000] ACPI: Reserving FACP table memory at [mem 0x3fff00f0-0x3fff01e3]
[    0.000000] ACPI: Reserving DSDT table memory at [mem 0x3fff0470-0x3fff2794]
[    0.000000] ACPI: Reserving FACS table memory at [mem 0x3fff0200-0x3fff023f]
[    0.000000] ACPI: Reserving FACS table memory at [mem 0x3fff0200-0x3fff023f]
[    0.000000] ACPI: Reserving APIC table memory at [mem 0x3fff0240-0x3fff029b]
[    0.000000] ACPI: Reserving SSDT table memory at [mem 0x3fff02a0-0x3fff046b]
[    0.000000] No NUMA configuration found
[    0.000000] Faking a node at [mem 0x0000000000000000-0x000000003ffeffff]
[    0.000000] NODE_DATA(0) allocated [mem 0x3ffc5000-0x3ffeffff]
[    0.000000] kvm-clock: cpu 0, msr 0:3ff44001, primary cpu clock
[    0.000000] kvm-clock: Using msrs 4b564d01 and 4b564d00
[    0.000000] kvm-clock: using sched offset of 3130413330 cycles
[    0.000000] clocksource: kvm-clock: mask: 0xffffffffffffffff max_cycles: 0x1cd42e4dffb, max_idle_ns: 881590591483 ns
[    0.000000] Zone ranges:
[    0.000000]   DMA      [mem 0x0000000000001000-0x0000000000ffffff]
[    0.000000]   DMA32    [mem 0x0000000001000000-0x000000003ffeffff]
[    0.000000]   Normal   empty
[    0.000000]   Device   empty
[    0.000000] Movable zone start for each node
[    0.000000] Early memory node ranges
[    0.000000]   node   0: [mem 0x0000000000001000-0x000000000009efff]
[    0.000000]   node   0: [mem 0x0000000000100000-0x000000003ffeffff]
[    0.000000] Reserved but unavailable: 104 pages
[    0.000000] Initmem setup node 0 [mem 0x0000000000001000-0x000000003ffeffff]
[    0.000000] ACPI: PM-Timer IO Port: 0x4008
[    0.000000] IOAPIC[0]: apic_id 2, version 32, address 0xfec00000, GSI 0-23
[    0.000000] ACPI: INT_SRC_OVR (bus 0 bus_irq 0 global_irq 2 dfl dfl)
[    0.000000] ACPI: INT_SRC_OVR (bus 0 bus_irq 9 global_irq 9 low level)
[    0.000000] Using ACPI (MADT) for SMP configuration information
[    0.000000] smpboot: Allowing 2 CPUs, 0 hotplug CPUs
[    0.000000] PM: Registered nosave memory: [mem 0x00000000-0x00000fff]
[    0.000000] PM: Registered nosave memory: [mem 0x0009f000-0x0009ffff]
[    0.000000] PM: Registered nosave memory: [mem 0x000a0000-0x000effff]
[    0.000000] PM: Registered nosave memory: [mem 0x000f0000-0x000fffff]
[    0.000000] e820: [mem 0x40000000-0xfebfffff] available for PCI devices
[    0.000000] Booting paravirtualized kernel on KVM
[    0.000000] clocksource: refined-jiffies: mask: 0xffffffff max_cycles: 0xffffffff, max_idle_ns: 7645519600211568 ns
[    0.000000] setup_percpu: NR_CPUS:8192 nr_cpumask_bits:2 nr_cpu_ids:2 nr_node_ids:1
[    0.000000] percpu: Embedded 50 pages/cpu s167936 r8192 d28672 u1048576
[    0.000000] PV qspinlock hash table entries: 256 (order: 0, 4096 bytes)
[    0.000000] Built 1 zonelists, mobility grouping on.  Total pages: 257913
[    0.000000] Policy zone: DMA32
[    0.000000] Kernel command line: BOOT_IMAGE=/boot/vmlinuz-4.15.0-212-generic root=LABEL=cloudimg-rootfs ro console=tty1 console=ttyS0
[    0.000000] Memory: 982644K/1048120K available (12300K kernel code, 2477K rwdata, 4324K rodata, 2480K init, 2720K bss, 65476K reserved, 0K cma-reserved)
[    0.000000] SLUB: HWalign=64, Order=0-3, MinObjects=0, CPUs=2, Nodes=1
[    0.000000] Kernel/User page tables isolation: enabled
[    0.000000] ftrace: allocating 39508 entries in 155 pages
[    0.004000] Hierarchical RCU implementation.
[    0.004000] 	RCU restricting CPUs from NR_CPUS=8192 to nr_cpu_ids=2.
[    0.004000] 	Tasks RCU enabled.
[    0.004000] RCU: Adjusting geometry for rcu_fanout_leaf=16, nr_cpu_ids=2
[    0.004000] NR_IRQS: 524544, nr_irqs: 440, preallocated irqs: 16
[    0.004000] random: crng init done
[    0.004000] Console: colour VGA+ 80x25
[    0.004000] console [tty1] enabled
[    0.004000] console [ttyS0] enabled
[    0.004000] ACPI: Core revision 20170831
[    0.004000] ACPI: 2 ACPI AML tables successfully acquired and loaded
[    0.004000] APIC: Switch to symmetric I/O mode setup
[    0.004000] x2apic enabled
[    0.004000] Switched APIC routing to physical x2apic.
[    0.004000] ..TIMER: vector=0x30 apic1=0 pin1=2 apic2=-1 pin2=-1
[    0.004000] tsc: Detected 2419.200 MHz processor
[    0.004010] Calibrating delay loop (skipped) preset value.. 4838.40 BogoMIPS (lpj=9676800)
[    0.005107] pid_max: default: 32768 minimum: 301
[    0.005771] Security Framework initialized
[    0.006374] Yama: becoming mindful.
[    0.006982] AppArmor: AppArmor initialized
[    0.008671] Dentry cache hash table entries: 131072 (order: 8, 1048576 bytes)
[    0.009666] Inode-cache hash table entries: 65536 (order: 7, 524288 bytes)
[    0.010576] Mount-cache hash table entries: 2048 (order: 2, 16384 bytes)
[    0.011445] Mountpoint-cache hash table entries: 2048 (order: 2, 16384 bytes)
[    0.012240] Last level iTLB entries: 4KB 0, 2MB 0, 4MB 0
[    0.013099] Last level dTLB entries: 4KB 0, 2MB 0, 4MB 0, 1GB 0
[    0.014783] Spectre V1 : Mitigation: usercopy/swapgs barriers and __user pointer sanitization
[    0.016003] Spectre V2 : Mitigation: Retpolines
[    0.016628] Spectre V2 : Spectre v2 / SpectreRSB mitigation: Filling RSB on context switch
[    0.017686] Spectre V2 : Spectre v2 / SpectreRSB : Filling RSB on VMEXIT
[    0.020001] Speculative Store Bypass: Vulnerable
[    0.020673] MDS: Mitigation: Clear CPU buffers
[    0.021453] Freeing SMP alternatives memory: 36K
[    0.132000] smpboot: CPU0: 11th Gen Intel(R) Core(TM) i5-1135G7 @ 2.40GHz (family: 0x6, model: 0x8c, stepping: 0x1)
[    0.132000] Performance Events: unsupported p6 CPU model 140 no PMU driver, software events only.
[    0.132000] Hierarchical SRCU implementation.
[    0.132049] NMI watchdog: Perf event create on CPU 0 failed with -2
[    0.132839] NMI watchdog: Perf NMI watchdog permanently disabled
[    0.133692] smp: Bringing up secondary CPUs ...
[    0.134349] x86: Booting SMP configuration:
[    0.134905] .... node  #0, CPUs:      #1
[    0.004000] kvm-clock: cpu 1, msr 0:3ff44041, secondary cpu clock
[    0.136015] smp: Brought up 1 node, 2 CPUs
[    0.136573] smpboot: Max logical packages: 1
[    0.137136] smpboot: Total of 2 processors activated (9676.80 BogoMIPS)
[    0.140065] devtmpfs: initialized
[    0.140554] x86/mm: Memory block size: 128MB
[    0.141255] evm: security.selinux
[    0.141719] evm: security.SMACK64
[    0.142179] evm: security.SMACK64EXEC
[    0.142689] evm: security.SMACK64TRANSMUTE
[    0.144002] evm: security.SMACK64MMAP
[    0.144554] evm: security.apparmor
[    0.145017] evm: security.ima
[    0.145477] evm: security.capability
[    0.146011] clocksource: jiffies: mask: 0xffffffff max_cycles: 0xffffffff, max_idle_ns: 7645041785100000 ns
[    0.146011] futex hash table entries: 512 (order: 3, 32768 bytes)
[    0.148037] pinctrl core: initialized pinctrl subsystem
[    0.149328] RTC time: 18:03:59, date: 03/04/24
[    0.150132] NET: Registered protocol family 16
[    0.150775] audit: initializing netlink subsys (disabled)
[    0.151474] audit: type=2000 audit(1709575444.392:1): state=initialized audit_enabled=0 res=1
[    0.152080] cpuidle: using governor ladder
[    0.152600] cpuidle: using governor menu
[    0.153204] ACPI: bus type PCI registered
[    0.153746] acpiphp: ACPI Hot Plug PCI Controller Driver version: 0.5
[    0.154605] PCI: Using configuration type 1 for base access
[    0.156644] HugeTLB registered 2.00 MiB page size, pre-allocated 0 pages
[    0.156931] ACPI: Added _OSI(Module Device)
[    0.156931] ACPI: Added _OSI(Processor Device)
[    0.157335] ACPI: Added _OSI(3.0 _SCP Extensions)
[    0.160006] ACPI: Added _OSI(Processor Aggregator Device)
[    0.160716] ACPI: Added _OSI(Linux-Dell-Video)
[    0.161291] ACPI: Added _OSI(Linux-Lenovo-NV-HDMI-Audio)
[    0.162017] ACPI: Added _OSI(Linux-HPI-Hybrid-Graphics)
[    0.162915] ACPI: Executed 1 blocks of module-level executable AML code
[    0.166071] ACPI: Interpreter enabled
[    0.166592] ACPI: (supports S0 S5)
[    0.167054] ACPI: Using IOAPIC for interrupt routing
[    0.167846] PCI: Using host bridge windows from ACPI; if necessary, use "pci=nocrs" and report a bug
[    0.168098] ACPI: Enabled 2 GPEs in block 00 to 07
[    0.173126] ACPI: PCI Root Bridge [PCI0] (domain 0000 [bus 00-ff])
[    0.173938] acpi PNP0A03:00: _OSC: OS supports [ASPM ClockPM Segments MSI]
[    0.175050] acpi PNP0A03:00: _OSC: not requesting OS control; OS requires [ExtendedConfig ASPM ClockPM MSI]
[    0.176007] acpi PNP0A03:00: fail to add MMCONFIG information, can't access extended PCI configuration space under this bridge.
[    0.177583] PCI host bridge to bus 0000:00
[    0.178140] pci_bus 0000:00: root bus resource [io  0x0000-0x0cf7 window]
[    0.178956] pci_bus 0000:00: root bus resource [io  0x0d00-0xffff window]
[    0.180002] pci_bus 0000:00: root bus resource [mem 0x000a0000-0x000bffff window]
[    0.181004] pci_bus 0000:00: root bus resource [mem 0x40000000-0xfdffffff window]
[    0.182409] pci_bus 0000:00: root bus resource [bus 00-ff]
[    0.184195] pci 0000:00:01.1: legacy IDE quirk: reg 0x10: [io  0x01f0-0x01f7]
[    0.185060] pci 0000:00:01.1: legacy IDE quirk: reg 0x14: [io  0x03f6]
[    0.185876] pci 0000:00:01.1: legacy IDE quirk: reg 0x18: [io  0x0170-0x0177]
[    0.186755] pci 0000:00:01.1: legacy IDE quirk: reg 0x1c: [io  0x0376]
[    0.194326] pci 0000:00:07.0: quirk: [io  0x4000-0x403f] claimed by PIIX4 ACPI
[    0.195265] pci 0000:00:07.0: quirk: [io  0x4100-0x410f] claimed by PIIX4 SMB
[    0.200602] ACPI: PCI Interrupt Link [LNKA] (IRQs 5 9 10 *11)
[    0.201554] ACPI: PCI Interrupt Link [LNKB] (IRQs 5 9 *10 11)
[    0.202333] ACPI: PCI Interrupt Link [LNKC] (IRQs 5 *9 10 11)
[    0.203116] ACPI: PCI Interrupt Link [LNKD] (IRQs 5 9 10 *11)
[    0.204253] SCSI subsystem initialized
[    0.204795] pci 0000:00:02.0: vgaarb: setting as boot VGA device
[    0.204834] pci 0000:00:02.0: vgaarb: VGA device added: decodes=io+mem,owns=io+mem,locks=none
[    0.205876] pci 0000:00:02.0: vgaarb: bridge control possible
[    0.206594] vgaarb: loaded
[    0.207011] ACPI: bus type USB registered
[    0.208021] usbcore: registered new interface driver usbfs
[    0.208711] usbcore: registered new interface driver hub
[    0.209421] usbcore: registered new device driver usb
[    0.210100] EDAC MC: Ver: 3.0.0
[    0.210100] PCI: Using ACPI for IRQ routing
[    0.212017] NetLabel: Initializing
[    0.212472] NetLabel:  domain hash size = 128
[    0.213039] NetLabel:  protocols = UNLABELED CIPSOv4 CALIPSO
[    0.213775] NetLabel:  unlabeled traffic allowed by default
[    0.214468] clocksource: Switched to clocksource kvm-clock
[    0.220886] VFS: Disk quotas dquot_6.6.0
[    0.221455] VFS: Dquot-cache hash table entries: 512 (order 0, 4096 bytes)
[    0.222359] AppArmor: AppArmor Filesystem Enabled
[    0.223001] pnp: PnP ACPI init
[    0.224031] pnp: PnP ACPI: found 3 devices
[    0.230897] clocksource: acpi_pm: mask: 0xffffff max_cycles: 0xffffff, max_idle_ns: 2085701024 ns
[    0.232456] NET: Registered protocol family 2
[    0.233099] IP idents hash table entries: 16384 (order: 5, 131072 bytes)
[    0.234527] TCP established hash table entries: 8192 (order: 4, 65536 bytes)
[    0.235402] TCP bind hash table entries: 8192 (order: 5, 131072 bytes)
[    0.236225] TCP: Hash tables configured (established 8192 bind 8192)
[    0.237020] UDP hash table entries: 512 (order: 2, 16384 bytes)
[    0.237779] UDP-Lite hash table entries: 512 (order: 2, 16384 bytes)
[    0.238649] NET: Registered protocol family 1
[    0.239269] pci 0000:00:00.0: Limiting direct PCI/PCI transfers
[    0.240048] pci 0000:00:01.0: Activating ISA DMA hang workarounds
[    0.240853] pci 0000:00:02.0: Video device with shadowed ROM at [mem 0x000c0000-0x000dffff]
[    0.241995] Unpacking initramfs...
[    0.439075] Freeing initrd memory: 19528K
[    0.439793] clocksource: tsc: mask: 0xffffffffffffffff max_cycles: 0x22df1149949, max_idle_ns: 440795312789 ns
[    0.441052] platform rtc_cmos: registered platform RTC device (no PNP device found)
[    0.442026] Scanning for low memory corruption every 60 seconds
[    0.443246] Initialise system trusted keyrings
[    0.443896] Key type blacklist registered
[    0.444546] workingset: timestamp_bits=36 max_order=18 bucket_order=0
[    0.445914] zbud: loaded
[    0.446704] squashfs: version 4.0 (2009/01/31) Phillip Lougher
[    0.447595] fuse init (API version 7.26)
[    0.449235] Key type asymmetric registered
[    0.449854] Asymmetric key parser 'x509' registered
[    0.450565] Block layer SCSI generic (bsg) driver version 0.4 loaded (major 246)
[    0.451603] io scheduler noop registered
[    0.452209] io scheduler deadline registered
[    0.452824] io scheduler cfq registered (default)
[    0.453649] ACPI: AC Adapter [AC] (off-line)
[    0.454308] input: Power Button as /devices/LNXSYSTM:00/LNXPWRBN:00/input/input0
[    0.455332] ACPI: Power Button [PWRF]
[    0.455914] input: Sleep Button as /devices/LNXSYSTM:00/LNXSLPBN:00/input/input1
[    0.456930] ACPI: Sleep Button [SLPF]
[    0.458061] ACPI: Battery Slot [BAT0] (battery present)
[    0.458882] Serial: 8250/16550 driver, 32 ports, IRQ sharing enabled
[    0.480305] 00:02: ttyS0 at I/O 0x3f8 (irq = 4, base_baud = 115200) is a 16550A
[    0.483216] Linux agpgart interface v0.103
[    0.485224] loop: module loaded
[    0.486096] scsi host0: ata_piix
[    0.486668] scsi host1: ata_piix
[    0.487194] ata1: PATA max UDMA/33 cmd 0x1f0 ctl 0x3f6 bmdma 0xd000 irq 14
[    0.488089] ata2: PATA max UDMA/33 cmd 0x170 ctl 0x376 bmdma 0xd008 irq 15
[    0.489047] tun: Universal TUN/TAP device driver, 1.6
[    0.489805] PPP generic driver version 2.4.2
[    0.490468] ehci_hcd: USB 2.0 'Enhanced' Host Controller (EHCI) Driver
[    0.491328] ehci-pci: EHCI PCI platform driver
[    0.491961] ehci-platform: EHCI generic platform driver
[    0.492696] ohci_hcd: USB 1.1 'Open' Host Controller (OHCI) Driver
[    0.493526] ohci-pci: OHCI PCI platform driver
[    0.494156] ohci-platform: OHCI generic platform driver
[    0.494873] uhci_hcd: USB Universal Host Controller Interface driver
[    0.495750] i8042: PNP: PS/2 Controller [PNP0303:PS2K,PNP0f03:PS2M] at 0x60,0x64 irq 1,12
[    0.497232] serio: i8042 KBD port at 0x60,0x64 irq 1
[    0.497963] serio: i8042 AUX port at 0x60,0x64 irq 12
[    0.498746] mousedev: PS/2 mouse device common for all mice
[    0.499826] input: AT Translated Set 2 keyboard as /devices/platform/i8042/serio0/input/input2
[    0.501143] rtc_cmos rtc_cmos: rtc core: registered rtc_cmos as rtc0
[    0.502044] rtc_cmos rtc_cmos: alarms up to one day, 114 bytes nvram
[    0.502913] i2c /dev entries driver
[    0.503474] device-mapper: uevent: version 1.0.3
[    0.504168] device-mapper: ioctl: 4.37.0-ioctl (2017-09-20) initialised: dm-devel@redhat.com
[    0.505363] ledtrig-cpu: registered to indicate activity on CPUs
[    0.506408] NET: Registered protocol family 10
[    0.509294] Segment Routing with IPv6
[    0.509855] NET: Registered protocol family 17
[    0.510503] Key type dns_resolver registered
[    0.511197] mce: Using 0 MCE banks
[    0.511597] RAS: Correctable Errors collector initialized.
[    0.512189] sched_clock: Marking stable (512166502, 0)->(607792323, -95625821)
[    0.513162] registered taskstats version 1
[    0.513628] Loading compiled-in X.509 certificates
[    0.515493] Loaded X.509 cert 'Build time autogenerated kernel key: b5b26778eaa3ab3a4a6cee031137706e947d12ad'
[    0.516935] Loaded X.509 cert 'Canonical Ltd. Live Patch Signing: 14df34d1a87cf37625abec039ef2bf521249b969'
[    0.518322] Loaded X.509 cert 'Canonical Ltd. Kernel Module Signing: 88f752e560a1e0737e31163a466ad7b70a850c19'
[    0.519317] blacklist: Loading compiled-in revocation X.509 certificates
[    0.520875] Loaded X.509 cert 'Canonical Ltd. Secure Boot Signing: 61482aa2830d0ab2ad5af10b7250da9033ddcef0'
[    0.523025] Loaded X.509 cert 'Canonical Ltd. Secure Boot Signing (2017): 242ade75ac4a15e50d50c84b0d45ff3eae707a03'
[    0.524067] Loaded X.509 cert 'Canonical Ltd. Secure Boot Signing (ESM 2018): 365188c1d374d6b07c3c8f240f8ef722433d6a8b'
[    0.525123] Loaded X.509 cert 'Canonical Ltd. Secure Boot Signing (2019): c0746fd6c5da3ae827864651ad66ae47fe24b3e8'
[    0.526147] Loaded X.509 cert 'Canonical Ltd. Secure Boot Signing (2021 v1): a8d54bbb3825cfb94fa13c9f8a594a195c107b8d'
[    0.527238] Loaded X.509 cert 'Canonical Ltd. Secure Boot Signing (2021 v2): 4cf046892d6fd3c9a5b03f98d845f90851dc6a8c'
[    0.528310] Loaded X.509 cert 'Canonical Ltd. Secure Boot Signing (2021 v3): 100437bb6de6e469b581e61cd66bce3ef4ed53af'
[    0.529376] Loaded X.509 cert 'Canonical Ltd. Secure Boot Signing (Ubuntu Core 2019): c1d57b8f6b743f23ee41f4f7ee292f06eecadfb9'
[    0.530515] zswap: loaded using pool lzo/zbud
[    0.533154] Key type big_key registered
[    0.533596] Key type trusted registered
[    0.534995] Key type encrypted registered
[    0.535431] AppArmor: AppArmor sha1 policy hashing enabled
[    0.535999] ima: No TPM chip found, activating TPM-bypass! (rc=-19)
[    0.536639] ima: Allocated hash algorithm: sha1
[    0.537121] evm: HMAC attrs: 0x1
[    0.537627]   Magic number: 0:703:88
[    0.538091] rtc_cmos rtc_cmos: setting system clock to 2024-03-04 18:03:59 UTC (1709575439)
[    0.538995] BIOS EDD facility v0.16 2004-Jun-25, 0 devices found
[    0.539597] EDD information not available.
[    0.672787] Freeing unused kernel image memory: 2480K
[    0.772959] Write protecting the kernel read-only data: 20480k
[    0.776409] Freeing unused kernel image memory: 2008K
[    0.779018] Freeing unused kernel image memory: 1820K
[    0.784135] x86/mm: Checked W+X mappings: passed, no W+X pages found.
[    0.784803] x86/mm: Checking user space page tables
[    0.788574] x86/mm: Checked W+X mappings: passed, no W+X pages found.
Loading, please wait...
starting version 237
[    0.827232] e1000: Intel(R) PRO/1000 Network Driver - version 7.3.21-k8-NAPI
[    0.828133] e1000: Copyright (c) 1999-2006 Intel Corporation.
[    0.831489] Fusion MPT base driver 3.04.20
[    0.832065] Copyright (c) 1999-2008 LSI Corporation
[    0.841452] Fusion MPT SPI Host driver 3.04.20
[    0.845767] AVX2 version of gcm_enc/dec engaged.
[    0.846421] AES CTR mode by8 optimization enabled
[    1.062492] input: ImExPS/2 Generic Explorer Mouse as /devices/platform/i8042/serio1/input/input4
[    1.186547] e1000 0000:00:03.0 eth0: (PCI:33MHz:32-bit) 02:3b:7b:b7:3b:2d
[    1.187591] e1000 0000:00:03.0 eth0: Intel(R) PRO/1000 Network Connection
[    1.780697] e1000 0000:00:08.0 eth1: (PCI:33MHz:32-bit) 08:00:27:0a:e7:3a
[    1.782438] e1000 0000:00:08.0 eth1: Intel(R) PRO/1000 Network Connection
[    1.784987] e1000 0000:00:03.0 enp0s3: renamed from eth0
[    1.786049] mptbase: ioc0: Initiating bringup
[    1.800769] e1000 0000:00:08.0 enp0s8: renamed from eth1
[    1.888658] ioc0: LSI53C1030 A0: Capabilities={Initiator}
[    2.133984] scsi host2: ioc0: LSI53C1030 A0, FwRev=00000000h, Ports=1, MaxQ=256, IRQ=20
[    2.305150] scsi 2:0:0:0: Direct-Access     VBOX     HARDDISK         1.0  PQ: 0 ANSI: 5
[    2.737498] scsi target2:0:0: Beginning Domain Validation
[    2.741457] scsi target2:0:0: Domain Validation skipping write tests
[    2.743179] scsi target2:0:0: Ending Domain Validation
[    2.744402] scsi target2:0:0: asynchronous
[    2.745785] scsi 2:0:1:0: Direct-Access     VBOX     HARDDISK         1.0  PQ: 0 ANSI: 5
[    3.136208] scsi target2:0:1: Beginning Domain Validation
[    3.139810] scsi target2:0:1: Domain Validation skipping write tests
[    3.141909] scsi target2:0:1: Ending Domain Validation
[    3.142453] scsi target2:0:1: asynchronous
[    3.144644] sd 2:0:0:0: Attached scsi generic sg0 type 0
[    3.145468] sd 2:0:0:0: [sda] 83886080 512-byte logical blocks: (42.9 GB/40.0 GiB)
[    3.146691] sd 2:0:1:0: Attached scsi generic sg1 type 0
[    3.146704] sd 2:0:0:0: [sda] Write Protect is off
[    3.149674] sd 2:0:1:0: [sdb] 20480 512-byte logical blocks: (10.5 MB/10.0 MiB)
[    3.151154] sd 2:0:0:0: [sda] Incomplete mode parameter data
[    3.151743] sd 2:0:0:0: [sda] Assuming drive cache: write through
[    3.152195] sd 2:0:1:0: [sdb] Write Protect is off
[    3.153006] sd 2:0:1:0: [sdb] Incomplete mode parameter data
[    3.154041] sd 2:0:1:0: [sdb] Assuming drive cache: write through
[    3.162338]  sda: sda1
[    3.163750] sd 2:0:0:0: [sda] Attached SCSI disk
[    3.167136] sd 2:0:1:0: [sdb] Attached SCSI disk
Begin: Loading essential drivers ... [    4.502397] raid6: sse2x1   gen() 21896 MB/s
[    4.558634] raid6: sse2x1   xor() 13364 MB/s
[    4.607368] raid6: sse2x2   gen() 25010 MB/s
[    4.663657] raid6: sse2x2   xor() 18928 MB/s
[    4.727279] raid6: sse2x4   gen() 32086 MB/s
[    4.779730] raid6: sse2x4   xor() 16186 MB/s
[    4.834622] raid6: avx2x1   gen() 39863 MB/s
[    4.886598] raid6: avx2x1   xor() 23860 MB/s
[    4.935765] raid6: avx2x2   gen() 47099 MB/s
[    4.991701] raid6: avx2x2   xor() 32606 MB/s
[    5.048134] raid6: avx2x4   gen() 50107 MB/s
[    5.103753] raid6: avx2x4   xor() 27965 MB/s
[    5.104381] raid6: using algorithm avx2x4 gen() 50107 MB/s
[    5.104955] raid6: .... xor() 27965 MB/s, rmw enabled
[    5.105468] raid6: using avx2x2 recovery algorithm
[    5.106785] xor: automatically using best checksumming function   avx       
[    5.108310] async_tx: api initialized (async)
done.
Begin: Running /scripts/init-premount ... done.
Begin: Mounting root file system ... Begin: Running /scripts/local-top ... done.
Begin: Running /scripts/local-premount ... [    5.137046] Btrfs loaded, crc32c=crc32c-intel
Scanning for Btrfs filesystems
done.
Warning: fsck not present, so skipping root file system
[    5.201342] EXT4-fs (sda1): mounted filesystem with ordered data mode. Opts: (null)
done.
Begin: Running /scripts/local-bottom ... done.
Begin: Running /scripts/init-bottom ... done.
[    5.347983] ip_tables: (C) 2000-2006 Netfilter Core Team
[    5.353635] systemd[1]: systemd 237 running in system mode. (+PAM +AUDIT +SELINUX +IMA +APPARMOR +SMACK +SYSVINIT +UTMP +LIBCRYPTSETUP +GCRYPT +GNUTLS +ACL +XZ +LZ4 +SECCOMP +BLKID +ELFUTILS +KMOD -IDN2 +IDN -PCRE2 default-hierarchy=hybrid)
[    5.356165] systemd[1]: Detected virtualization oracle.
[    5.356739] systemd[1]: Detected architecture x86-64.

Welcome to [1mUbuntu 18.04.6 LTS[0m!

[    5.360348] systemd[1]: Set hostname to <ubuntu>.
[    5.361931] systemd[1]: Initializing machine ID from random generator.
[    5.362654] systemd[1]: Installed transient /etc/machine-id file.
[    5.556043] systemd[1]: Created slice User and Session Slice.
[[0;32m  OK  [0m] Created slice User and Session Slice.
[    5.557257] systemd[1]: Reached target Mounting snaps.
[[0;32m  OK  [0m] Reached target Mounting snaps.
[    5.558222] systemd[1]: Reached target Mounted snaps.
[[0;32m  OK  [0m] Reached target Mounted snaps.
[    5.559412] systemd[1]: Reached target System Time Synchronized.
[[0;32m  OK  [0m] Reached target System Time Synchronized.
[[0;32m  OK  [0m] Set up automount Arbitrary Executab…rmats File System Automount Point.
[[0;32m  OK  [0m] Reached target User and Group Name Lookups.
[[0;32m  OK  [0m] Started Forward Password Requests to Wall Directory Watch.
[[0;32m  OK  [0m] Created slice System Slice.
[[0;32m  OK  [0m] Listening on fsck to fsckd communication Socket.
[[0;32m  OK  [0m] Listening on udev Kernel Socket.
[[0;32m  OK  [0m] Listening on LVM2 metadata daemon socket.
[[0;32m  OK  [0m] Reached target Slices.
[[0;32m  OK  [0m] Listening on Syslog Socket.
[[0;32m  OK  [0m] Listening on Network Service Netlink Socket.
[[0;32m  OK  [0m] Listening on LVM2 poll daemon socket.
[[0;32m  OK  [0m] Created slice system-serial\x2dgetty.slice.
[[0;32m  OK  [0m] Listening on Journal Audit Socket.
[[0;32m  OK  [0m] Listening on Device-mapper event daemon FIFOs.
[[0;32m  OK  [0m] Reached target Swap.
[[0;32m  OK  [0m] Listening on Journal Socket (/dev/log).
[[0;32m  OK  [0m] Listening on /dev/initctl Compatibility Named Pipe.
[[0;32m  OK  [0m] Listening on Journal Socket.
         Starting Set the console keyboard layout...
         Starting File System Check on Root Device...
         Mounting Kernel Debug File System...
         Starting Create list of required st…ce nodes for the current kernel...
         Mounting POSIX Message Queue File System...
         Mounting Huge Pages File System...
         Starting Journal Service...
         Starting Monitoring of LVM2 mirrors…ng dmeventd or progress polling...
         Starting Uncomplicated firewall...
         Starting Load Kernel Modules...
[[0;32m  OK  [0m] Listening on udev Control Socket.
         Starting udev Coldplug all Devices...
[[0;32m  OK  [0m] Started Create list of required sta…vice nodes for the current kernel.
[[0;32m  OK  [0m] Started File System Check Daemon to report status.
         Starting Create Static Device Nodes in /dev...
[[0;32m  OK  [0m] Started Journal Service.
[[0;32m  OK  [0m] Mounted Kernel Debug File System.
[[0;32m  OK  [0m] Mounted POSIX Message Queue File System.
[    5.661671] Loading iSCSI transport class v2.0-870.
[[0;32m  OK  [0m] Mounted Huge Pages File System.
[[0;32m  OK  [0m] Started Uncomplicated firewall.
[    5.666277] iscsi: registered transport (tcp)
[[0;32m  OK  [0m] Started udev Coldplug all Devices.
[[0;32m  OK  [0m] Started Create Static Device Nodes in /dev.
[[0;32m  OK  [0m] Started File System Check on Root Device.
         Starting Remount Root and Kernel File Systems...
[[0;32m  OK  [0m] Started LVM2 metadata daemon.
[    5.720679] iscsi: registered transport (iser)
[[0;32m  OK  [0m] Started Load Kernel Modules.
         Starting Apply Kernel Variables...
         Mounting FUSE Control File System...
         Mounting Kernel Configuration File System...
[[0;32m  OK  [0m] Mounted Kernel Configuration File System.
[[0;32m  OK  [0m] Mounted FUSE Control File System.
[[0;32m  OK  [0m] Started Remount Root and Kernel File Systems.
         Starting udev Kernel Device Manager...
         Starting Flush Journal to Persistent Storage...
         Starting Load/Save Random Seed...
[[0;32m  OK  [0m] Started Monitoring of LVM2 mirrors,…sing dmeventd or progress polling.
[[0;32m  OK  [0m] Started Apply Kernel Variables.
[[0;32m  OK  [0m] Started Load/Save Random Seed.
[[0;32m  OK  [0m] Started udev Kernel Device Manager.
[[0;32m  OK  [0m] Started Flush Journal to Persistent Storage.
[[0;32m  OK  [0m] Found device /dev/ttyS0.
[[0;32m  OK  [0m] Listening on Load/Save RF Kill Switch Status /dev/rfkill Watch.
         Mounting Arbitrary Executable File Formats File System...
[[0;32m  OK  [0m] Mounted Arbitrary Executable File Formats File System.
[[0;32m  OK  [0m] Started Set the console keyboard layout.
[[0;32m  OK  [0m] Reached target Local File Systems (Pre).
[[0;32m  OK  [0m] Reached target Local File Systems.
         Starting Set console font and keymap...
         Starting Commit a transient machine-id on disk...
         Starting Create Volatile Files and Directories...
         Starting Tell Plymouth To Write Out Runtime Data...
         Starting AppArmor initialization...
         Starting ebtables ruleset management...
[[0;32m  OK  [0m] Started Dispatch Password Requests to Console Directory Watch.
[[0;32m  OK  [0m] Reached target Local Encrypted Volumes.
[[0;32m  OK  [0m] Started Tell Plymouth To Write Out Runtime Data.
[[0;32m  OK  [0m] Started Create Volatile Files and Directories.
         Starting Update UTMP about System Boot/Shutdown...
[[0;32m  OK  [0m] Started Update UTMP about System Boot/Shutdown.
[[0;32m  OK  [0m] Started Commit a transient machine-id on disk.
[[0;32m  OK  [0m] Started ebtables ruleset management.
[[0;32m  OK  [0m] Started AppArmor initialization.
         Starting Initial cloud-init job (pre-networking)...
         Starting Load AppArmor profiles managed internally by snapd...
[[0;32m  OK  [0m] Started Load AppArmor profiles managed internally by snapd.
[[0;32m  OK  [0m] Started Set console font and keymap.
[    7.883038] cloud-init[819]: Cloud-init v. 23.1.2-0ubuntu0~18.04.1 running 'init-local' at Mon, 04 Mar 2024 18:04:06 +0000. Up 7.66 seconds.
[[0;32m  OK  [0m] Started Initial cloud-init job (pre-networking).
[[0;32m  OK  [0m] Reached target Network (Pre).
         Starting Network Service...
[[0;32m  OK  [0m] Started Network Service.
         Starting Wait for Network to be Configured...
         Starting Network Name Resolution...
[[0;32m  OK  [0m] Started Network Name Resolution.
[[0;32m  OK  [0m] Reached target Network.
[[0;32m  OK  [0m] Reached target Host and Network Name Lookups.
[[0;32m  OK  [0m] Started Wait for Network to be Configured.
         Starting Initial cloud-init job (metadata service crawler)...
[   10.648404] cloud-init[1024]: Cloud-init v. 23.1.2-0ubuntu0~18.04.1 running 'init' at Mon, 04 Mar 2024 18:04:09 +0000. Up 10.55 seconds.
[   10.649694] cloud-init[1024]: ci-info: ++++++++++++++++++++++++++++++++++++++Net device info+++++++++++++++++++++++++++++++++++++++
[   10.650774] cloud-init[1024]: ci-info: +--------+-------+----------------------------+---------------+--------+-------------------+
[   10.651790] cloud-init[1024]: ci-info: | Device |   Up  |          Address           |      Mask     | Scope  |     Hw-Address    |
[   10.652757] cloud-init[1024]: ci-info: +--------+-------+----------------------------+---------------+--------+-------------------+
[   10.653680] cloud-init[1024]: ci-info: | enp0s3 |  True |         10.0.2.15          | 255.255.255.0 | global | 02:3b:7b:b7:3b:2d |
[   10.654636] cloud-init[1024]: ci-info: | enp0s3 |  True | fe80::3b:7bff:feb7:3b2d/64 |       .       |  link  | 02:3b:7b:b7:3b:2d |
[   10.655581] cloud-init[1024]: ci-info: | enp0s8 | False |             .              |       .       |   .    | 08:00:27:0a:e7:3a |
[   10.656690] cloud-init[1024]: ci-info: |   lo   |  True |         127.0.0.1          |   255.0.0.0   |  host  |         .         |
[   10.657668] cloud-init[1024]: ci-info: |   lo   |  True |          ::1/128           |       .       |  host  |         .         |
[   10.658633] cloud-init[1024]: ci-info: +--------+-------+----------------------------+---------------+--------+-------------------+
[   10.659658] cloud-init[1024]: ci-info: ++++++++++++++++++++++++++++Route IPv4 info+++++++++++++++++++++++++++++
[   10.660604] cloud-init[1024]: ci-info: +-------+-------------+----------+-----------------+-----------+-------+
[   10.661498] cloud-init[1024]: ci-info: | Route | Destination | Gateway  |     Genmask     | Interface | Flags |
[   10.662391] cloud-init[1024]: ci-info: +-------+-------------+----------+-----------------+-----------+-------+
[   10.663315] cloud-init[1024]: ci-info: |   0   |   0.0.0.0   | 10.0.2.2 |     0.0.0.0     |   enp0s3  |   UG  |
[   10.664158] cloud-init[1024]: ci-info: |   1   |   10.0.2.0  | 0.0.0.0  |  255.255.255.0  |   enp0s3  |   U   |
[   10.665058] cloud-init[1024]: ci-info: |   2   |   10.0.2.2  | 0.0.0.0  | 255.255.255.255 |   enp0s3  |   UH  |
[   10.665819] cloud-init[1024]: ci-info: +-------+-------------+----------+-----------------+-----------+-------+
[   10.666583] cloud-init[1024]: ci-info: +++++++++++++++++++Route IPv6 info+++++++++++++++++++
[   10.667225] cloud-init[1024]: ci-info: +-------+-------------+---------+-----------+-------+
[   10.667872] cloud-init[1024]: ci-info: | Route | Destination | Gateway | Interface | Flags |
[   10.668550] cloud-init[1024]: ci-info: +-------+-------------+---------+-----------+-------+
[   10.669210] cloud-init[1024]: ci-info: |   1   |  fe80::/64  |    ::   |   enp0s3  |   U   |
[   10.670579] cloud-init[1024]: ci-info: |   3   |    local    |    ::   |   enp0s3  |   U   |
[   10.671240] cloud-init[1024]: ci-info: |   4   |   ff00::/8  |    ::   |   enp0s3  |   U   |
[   10.671896] cloud-init[1024]: ci-info: +-------+-------------+---------+-----------+-------+
[   11.199504] cloud-init[1024]: Generating public/private rsa key pair.
[   11.199998] cloud-init[1024]: Your identification has been saved in /etc/ssh/ssh_host_rsa_key.
[   11.200734] cloud-init[1024]: Your public key has been saved in /etc/ssh/ssh_host_rsa_key.pub.
[   11.201394] cloud-init[1024]: The key fingerprint is:
[   11.201844] cloud-init[1024]: SHA256:J2viYtOWMZOnTYTjrF+nj6aQNuR3TCb1N22T7eN2pC0 root@ubuntu-bionic
[   11.202543] cloud-init[1024]: The key's randomart image is:
[   11.203022] cloud-init[1024]: +---[RSA 2048]----+
[   11.203447] cloud-init[1024]: |                 |
[   11.203873] cloud-init[1024]: |                 |
[   11.204333] cloud-init[1024]: |       ..        |
[   11.204810] cloud-init[1024]: |      o...   . o |
[   11.205248] cloud-init[1024]: |    .o.+S o o = .|
[   11.205673] cloud-init[1024]: |   o .B=o+ . o o.|
[   11.212204] cloud-init[1024]: |    *ooX* .    =.|
[   11.212685] cloud-init[1024]: |   .====o+    E.+|
[   11.213044] cloud-init[1024]: |   . =+oo..   .o.|
[   11.213393] cloud-init[1024]: +----[SHA256]-----+
[   11.213738] cloud-init[1024]: Generating public/private dsa key pair.
[   11.214176] cloud-init[1024]: Your identification has been saved in /etc/ssh/ssh_host_dsa_key.
[   11.214785] cloud-init[1024]: Your public key has been saved in /etc/ssh/ssh_host_dsa_key.pub.
[   11.215411] cloud-init[1024]: The key fingerprint is:
[   11.215745] cloud-init[1024]: SHA256:t63fyWeK4N1UWq6tSq5ocH3DZ2UnJLefJozkRPgpvak root@ubuntu-bionic
[   11.216360] cloud-init[1024]: The key's randomart image is:
[   11.216755] cloud-init[1024]: +---[DSA 1024]----+
[   11.217089] cloud-init[1024]: |          .      |
[   11.217429] cloud-init[1024]: |         . .. o  |
[   11.217773] cloud-init[1024]: |          + .+ . |
[   11.218111] cloud-init[1024]: |         . *  o +|
[   11.218459] cloud-init[1024]: |        S.*.=  ==|
[   11.218800] cloud-init[1024]: |      . ...B+ooB.|
[   11.219141] cloud-init[1024]: |       o  +.o+= .|
[   11.219482] cloud-init[1024]: |        .E * * +o|
[   11.219826] cloud-init[1024]: |       .. +o*.O=.|
[   11.220189] cloud-init[1024]: +----[SHA256]-----+
[   11.220537] cloud-init[1024]: Generating public/private ecdsa key pair.
[   11.220987] cloud-init[1024]: Your identification has been saved in /etc/ssh/ssh_host_ecdsa_key.
[   11.221579] cloud-init[1024]: Your public key has been saved in /etc/ssh/ssh_host_ecdsa_key.pub.
[   11.222173] cloud-init[1024]: The key fingerprint is:
[   11.222528] cloud-init[1024]: SHA256:6JnPVp6k2wuxJtkB6T3+YSPnEd0e5tLk4p2aPt1FVDw root@ubuntu-bionic
[   11.223133] cloud-init[1024]: The key's randomart image is:
[   11.223529] cloud-init[1024]: +---[ECDSA 256]---+
[   11.223873] cloud-init[1024]: |               .o|
[   11.224219] cloud-init[1024]: |       .       Eo|
[   11.224566] cloud-init[1024]: |      o        ..|
[   11.224909] cloud-init[1024]: |     . +   . .  .|
[   11.225271] cloud-init[1024]: |      o S . . =. |
[   11.225624] cloud-init[1024]: |     . * =o. B ..|
[   11.225967] cloud-init[1024]: |      * B=*.o.=..|
[   11.226309] cloud-init[1024]: |       =oOo=.=...|
[   11.226658] cloud-init[1024]: |       .+.=o=oo  |
[   11.226996] cloud-init[1024]: +----[SHA256]-----+
[   11.227338] cloud-init[1024]: Generating public/private ed25519 key pair.
[   11.227799] cloud-init[1024]: Your identification has been saved in /etc/ssh/ssh_host_ed25519_key.
[   11.228412] cloud-init[1024]: Your public key has been saved in /etc/ssh/ssh_host_ed25519_key.pub.
[   11.229019] cloud-init[1024]: The key fingerprint is:
[   11.229382] cloud-init[1024]: SHA256:1L2puVeifeSAUMpf7X9xa6awqlbSmbFhniV9Xjo8h7U root@ubuntu-bionic
[   11.229987] cloud-init[1024]: The key's randomart image is:
[   11.230388] cloud-init[1024]: +--[ED25519 256]--+
[   11.230735] cloud-init[1024]: |                 |
[   11.231074] cloud-init[1024]: |         ...     |
[   11.231420] cloud-init[1024]: |       ..oo ..   |
[   11.231765] cloud-init[1024]: |       .+= o.+.o |
[   11.232102] cloud-init[1024]: |        SoXo*.= .|
[   11.232444] cloud-init[1024]: |       . OoooB+E.|
[   11.232785] cloud-init[1024]: |        o o+ *+.+|
[   11.233129] cloud-init[1024]: |       .  ..= o+o|
[   11.233492] cloud-init[1024]: |      ....oo o+ .|
[   11.233842] cloud-init[1024]: +----[SHA256]-----+
[[0;32m  OK  [0m] Started Initial cloud-init job (metadata service crawler).
[[0;32m  OK  [0m] Reached target System Initialization.
[[0;32m  OK  [0m] Started Discard unused blocks once a week.
         Starting Socket activation for snappy daemon.
[[0;32m  OK  [0m] Started ACPI Events Check.
[[0;32m  OK  [0m] Reached target Paths.
[[0;32m  OK  [0m] Listening on cloud-init hotplug hook socket.
[[0;32m  OK  [0m] Started Ubuntu Advantage Timer for running repeated jobs.
[[0;32m  OK  [0m] Started Message of the Day.
[[0;32m  OK  [0m] Listening on Open-iSCSI iscsid Socket.
[[0;32m  OK  [0m] Listening on D-Bus System Message Bus Socket.
[[0;32m  OK  [0m] Listening on UUID daemon activation socket.
[[0;32m  OK  [0m] Listening on ACPID Listen Socket.
         Starting LXD - unix socket.
[[0;32m  OK  [0m] Started Daily Cleanup of Temporary Directories.
[[0;32m  OK  [0m] Started Daily apt download activities.
[[0;32m  OK  [0m] Started Daily apt upgrade and clean activities.
[[0;32m  OK  [0m] Reached target Timers.
[[0;32m  OK  [0m] Reached target Cloud-config availability.
[[0;32m  OK  [0m] Reached target Network is Online.
         Starting Availability of block devices...
[[0;32m  OK  [0m] Reached target Remote File Systems (Pre).
[[0;32m  OK  [0m] Reached target Remote File Systems.
[[0;32m  OK  [0m] Listening on Socket activation for snappy daemon.
[[0;32m  OK  [0m] Listening on LXD - unix socket.
[[0;32m  OK  [0m] Reached target Sockets.
[[0;32m  OK  [0m] Reached target Basic System.
[[0;32m  OK  [0m] Started irqbalance daemon.
         Starting Accounts Service...
[[0;32m  OK  [0m] Started Regular background program processing daemon.
         Starting LXD - container startup/shutdown...
         Starting Permit User Sessions...
[[0;32m  OK  [0m] Started FUSE filesystem for LXC.
         Starting LSB: automatic crash report generation...
[[0;32m  OK  [0m] Reached target Login Prompts (Pre).
[[0;32m  OK  [0m] Started D-Bus System Message Bus.
         Starting System Logging Service...
         Starting Virtualbox guest utils...
         Starting Login Service...
         Starting LSB: Record successful boot for GRUB...
[[0;32m  OK  [0m] Started Deferred execution scheduler.
         Starting Pollinate to seed the pseudo random number generator...
         Starting Dispatcher daemon for systemd-networkd...
         Starting Snap Daemon...
[[0;32m  OK  [0m] Started System Logging Service.
[[0;32m  OK  [0m] Started Availability of block devices.
[[0;32m  OK  [0m] Started LXD - container startup/shutdown.
[[0;32m  OK  [0m] Started Permit User Sessions.
         Starting Terminate Plymouth Boot Screen...
         Starting Hold until boot process finishes up...
[[0;32m  OK  [0m] Started Hold until boot process finishes up.
         Starting Set console scheme...
[[0;32m  OK  [0m] Started Serial Getty on ttyS0.
[[0;32m  OK  [0m] Started Terminate Plymouth Boot Screen.
[[0;32m  OK  [0m] Started Login Service.
[[0;32m  OK  [0m] Started Unattended Upgrades Shutdown.
[[0;32m  OK  [0m] Started Set console scheme.
[[0;32m  OK  [0m] Created slice system-getty.slice.
[[0;32m  OK  [0m] Started Getty on tty1.
[[0;32m  OK  [0m] Reached target Login Prompts.
[[0;32m  OK  [0m] Started LSB: automatic crash report generation.
         Starting Authorization Manager...
[[0;32m  OK  [0m] Started Authorization Manager.
[[0;32m  OK  [0m] Started Accounts Service.
[[0;32m  OK  [0m] Started Virtualbox guest utils.
[[0;32m  OK  [0m] Started LSB: Record successful boot for GRUB.
[[0;32m  OK  [0m] Started Dispatcher daemon for systemd-networkd.
[[0;32m  OK  [0m] Started Snap Daemon.
         Starting Wait until snapd is fully seeded...
         Starting Time & Date Service...
[[0;32m  OK  [0m] Started Time & Date Service.
[[0;32m  OK  [0m] Started Pollinate to seed the pseudo random number generator.
         Starting OpenBSD Secure Shell server...
[[0;32m  OK  [0m] Started OpenBSD Secure Shell server.
[[0;32m  OK  [0m] Created slice User Slice of vagrant.
         Starting User Manager for UID 1000...
[[0;32m  OK  [0m] Started Session 1 of user vagrant.
[[0;32m  OK  [0m] Started User Manager for UID 1000.
         Starting Hostname Service...
[[0;32m  OK  [0m] Started Hostname Service.

Ubuntu 18.04.6 LTS host1 ttyS0

host1 login: [   17.914537] cloud-init[2007]: Cloud-init v. 23.1.2-0ubuntu0~18.04.1 running 'modules:config' at Mon, 04 Mar 2024 18:04:16 +0000. Up 17.68 seconds.
ci-info: no authorized SSH keys fingerprints found for user ubuntu.
<14>Mar  4 18:04:17 cloud-init: #############################################################
<14>Mar  4 18:04:17 cloud-init: -----BEGIN SSH HOST KEY FINGERPRINTS-----
<14>Mar  4 18:04:17 cloud-init: 1024 SHA256:t63fyWeK4N1UWq6tSq5ocH3DZ2UnJLefJozkRPgpvak root@ubuntu-bionic (DSA)
<14>Mar  4 18:04:17 cloud-init: 256 SHA256:6JnPVp6k2wuxJtkB6T3+YSPnEd0e5tLk4p2aPt1FVDw root@ubuntu-bionic (ECDSA)
<14>Mar  4 18:04:17 cloud-init: 256 SHA256:1L2puVeifeSAUMpf7X9xa6awqlbSmbFhniV9Xjo8h7U root@ubuntu-bionic (ED25519)
<14>Mar  4 18:04:17 cloud-init: 2048 SHA256:J2viYtOWMZOnTYTjrF+nj6aQNuR3TCb1N22T7eN2pC0 root@ubuntu-bionic (RSA)
<14>Mar  4 18:04:17 cloud-init: -----END SSH HOST KEY FINGERPRINTS-----
<14>Mar  4 18:04:17 cloud-init: #############################################################
-----BEGIN SSH HOST KEY KEYS-----
ecdsa-sha2-nistp256 AAAAE2VjZHNhLXNoYTItbmlzdHAyNTYAAAAIbmlzdHAyNTYAAABBBMe1ZbyjSnHLzymv9Ea6En90BNEatjOYeK5oNYqJffqqhC1NHm5J16Wc5GF9NeI5612YdyETWsQAlgFFvhHWJVc= root@ubuntu-bionic
ssh-ed25519 AAAAC3NzaC1lZDI1NTE5AAAAINEeU619aOp9nqow+ygq6rYTeguzlUc2s1cyvGX1KEfD root@ubuntu-bionic
ssh-rsa AAAAB3NzaC1yc2EAAAADAQABAAABAQDV/uVdMLE9qEtN6hq34/RDbvZ79xnnIZ/zt0oET3ACHD4LOWY0tbhbT9ctonWAv96BiDW081CHYkc2hYCDfTB3c7lSA+enFqp027FONPRB4irzqgMUiXV94jMRKckaZVBW9xnV6uQkfdQqnIRLcHxt3TlHbEVLPueTVTwiME3K/lgeDQgAhd+WoWzk7/atRrcOCKmCeKR5aS5jiT5YRWEW4lN/RUGfjk+eOTLabsgpcaaoZmUKLAjFoSbqXfjqRfxah6QqTWEvtg0lhkEMcZeLZrmgKJXC0285IHTj7KImoy+YCFMTpx35sq57Rxc0SbBJmwdsnzW5NluaInx9hwjH root@ubuntu-bionic
-----END SSH HOST KEY KEYS-----
[   18.333185] cloud-init[2112]: Cloud-init v. 23.1.2-0ubuntu0~18.04.1 running 'modules:final' at Mon, 04 Mar 2024 18:04:17 +0000. Up 18.20 seconds.
[   18.334402] cloud-init[2112]: Cloud-init v. 23.1.2-0ubuntu0~18.04.1 finished at Mon, 04 Mar 2024 18:04:17 +0000. Datasource DataSourceNoCloud [seed=/dev/sdb][dsmode=net].  Up 18.32 seconds
